#
# There is insufficient memory for the Java Runtime Environment to continue.
# Native memory allocation (malloc) failed to allocate 213936 bytes for Chunk::new
# Possible reasons:
#   The system is out of physical RAM or swap space
#   In 32 bit mode, the process size limit was hit
# Possible solutions:
#   Reduce memory load on the system
#   Increase physical memory or swap space
#   Check if swap backing store is full
#   Use 64 bit Java on a 64 bit OS
#   Decrease Java heap size (-Xmx/-Xms)
#   Decrease number of Java threads
#   Decrease Java thread stack sizes (-Xss)
#   Set larger code cache with -XX:ReservedCodeCacheSize=
# This output file may be truncated or incomplete.
#
#  Out of Memory Error (allocation.cpp:388), pid=75552, tid=25108
#
# JRE version: Java(TM) SE Runtime Environment (8.0_05-b13) (build 1.8.0_05-b13)
# Java VM: Java HotSpot(TM) 64-Bit Server VM (25.5-b02 mixed mode windows-amd64 compressed oops)
# Failed to write core dump. Minidumps are not enabled by default on client versions of Windows
#

---------------  T H R E A D  ---------------

Current thread (0x0000000014a9d800):  JavaThread "C2 CompilerThread0" daemon [_thread_in_native, id=25108, stack(0x0000000015970000,0x0000000015a70000)]

Stack: [0x0000000015970000,0x0000000015a70000]
Native frames: (J=compiled Java code, j=interpreted, Vv=VM code, C=native code)
V  [jvm.dll+0x308dea]
V  [jvm.dll+0x25def1]
V  [jvm.dll+0x25eb0f]
V  [jvm.dll+0x2564e5]
V  [jvm.dll+0xbcfc5]
V  [jvm.dll+0xbd45c]
V  [jvm.dll+0x468c07]
V  [jvm.dll+0x4360a3]
V  [jvm.dll+0x44111e]
V  [jvm.dll+0x4436a9]
V  [jvm.dll+0x427532]
V  [jvm.dll+0x96702]
V  [jvm.dll+0x96ef3]
V  [jvm.dll+0x2232c4]
V  [jvm.dll+0x27baca]
C  [msvcr100.dll+0x21d9f]
C  [msvcr100.dll+0x21e3b]
C  [KERNEL32.DLL+0x18102]
C  [ntdll.dll+0x5c5b4]


Current CompileTask:
C2:   4633 1872       4       com.android.dx.ssa.SCCP::simulatePhi (169 bytes)


---------------  P R O C E S S  ---------------

Java Threads: ( => current thread )
  0x0000000015e72800 JavaThread "pool-2-thread-4" [_thread_in_Java, id=35448, stack(0x0000000016d70000,0x0000000016e70000)]
  0x0000000015e6f800 JavaThread "pool-2-thread-3" [_thread_in_vm, id=22952, stack(0x0000000016c70000,0x0000000016d70000)]
  0x0000000015e6d000 JavaThread "pool-2-thread-2" [_thread_blocked, id=2480, stack(0x0000000016b70000,0x0000000016c70000)]
  0x0000000015e48000 JavaThread "pool-3-thread-1" [_thread_blocked, id=34964, stack(0x0000000016a70000,0x0000000016b70000)]
  0x0000000015e47800 JavaThread "pool-2-thread-1" [_thread_in_vm, id=52728, stack(0x0000000016970000,0x0000000016a70000)]
  0x0000000014ade800 JavaThread "Service Thread" daemon [_thread_blocked, id=6292, stack(0x0000000015f70000,0x0000000016070000)]
  0x0000000014a9f800 JavaThread "C1 CompilerThread1" daemon [_thread_blocked, id=19348, stack(0x0000000015a70000,0x0000000015b70000)]
=>0x0000000014a9d800 JavaThread "C2 CompilerThread0" daemon [_thread_in_native, id=25108, stack(0x0000000015970000,0x0000000015a70000)]
  0x0000000014a9b800 JavaThread "Attach Listener" daemon [_thread_blocked, id=20936, stack(0x0000000015870000,0x0000000015970000)]
  0x0000000014a98800 JavaThread "Signal Dispatcher" daemon [_thread_blocked, id=45360, stack(0x0000000015770000,0x0000000015870000)]
  0x00000000149f3800 JavaThread "Finalizer" daemon [_thread_blocked, id=34004, stack(0x0000000015670000,0x0000000015770000)]
  0x00000000149f0000 JavaThread "Reference Handler" daemon [_thread_blocked, id=37648, stack(0x0000000015570000,0x0000000015670000)]
  0x0000000001eed800 JavaThread "main" [_thread_blocked, id=48788, stack(0x00000000022b0000,0x00000000023b0000)]

Other Threads:
  0x00000000149ea800 VMThread [stack: 0x0000000015470000,0x0000000015570000] [id=5704]
  0x0000000015b87000 WatcherThread [stack: 0x0000000016070000,0x0000000016170000] [id=38880]

VM state:synchronizing (normal execution)

VM Mutex/Monitor currently owned by a thread:  ([mutex/lock_event])
[0x0000000001eec820] Safepoint_lock - owner thread: 0x00000000149ea800
[0x0000000001eec8a0] Threads_lock - owner thread: 0x00000000149ea800
[0x0000000001eec520] Heap_lock - owner thread: 0x0000000015e47800

Heap:
 PSYoungGen      total 29696K, used 29664K [0x00000000eab00000, 0x00000000ecc00000, 0x0000000100000000)
  eden space 26112K, 100% used [0x00000000eab00000,0x00000000ec480000,0x00000000ec480000)
  from space 3584K, 99% used [0x00000000ec480000,0x00000000ec7f8210,0x00000000ec800000)
  to   space 3072K, 0% used [0x00000000ec800000,0x00000000ec800000,0x00000000ecb00000)
 ParOldGen       total 129536K, used 29185K [0x00000000c0000000, 0x00000000c7e80000, 0x00000000eab00000)
  object space 129536K, 22% used [0x00000000c0000000,0x00000000c1c80668,0x00000000c7e80000)
 Metaspace       used 6094K, capacity 7024K, committed 7296K, reserved 1056768K
  class space    used 594K, capacity 616K, committed 640K, reserved 1048576K

Card table byte_map: [0x0000000011970000,0x0000000011b80000] byte_map_base: 0x0000000011370000

Marking Bits: (ParMarkBitMap*) 0x000000005b3d13b0
 Begin Bits: [0x0000000011ee0000, 0x0000000012ee0000)
 End Bits:   [0x0000000012ee0000, 0x0000000013ee0000)

Polling page: 0x00000000001f0000

CodeCache: size=245760Kb used=7670Kb max_used=7670Kb free=238089Kb
 bounds [0x00000000025b0000, 0x0000000002d40000, 0x00000000115b0000]
 total_blobs=2195 nmethods=1929 adapters=180
 compilation: enabled

Compilation events (10 events):
Event: 4.545 Thread 0x0000000014a9f800 1961       2       java.util.Vector::grow (57 bytes)
Event: 4.545 Thread 0x0000000014a9f800 nmethod 1961 0x0000000002d31210 code [0x0000000002d31380, 0x0000000002d31618]
Event: 4.552 Thread 0x0000000014a9f800 1962       2       com.android.dx.rop.cst.CstLiteral32::getLongBits (6 bytes)
Event: 4.552 Thread 0x0000000014a9f800 nmethod 1962 0x0000000002d20610 code [0x0000000002d20760, 0x0000000002d208b0]
Event: 4.563 Thread 0x0000000014a9f800 1963       2       com.android.dx.cf.attrib.AttSignature::<init> (26 bytes)
Event: 4.564 Thread 0x0000000014a9f800 nmethod 1963 0x0000000002d31790 code [0x0000000002d31900, 0x0000000002d31b28]
Event: 4.564 Thread 0x0000000014a9f800 1964       2       com.android.dx.cf.attrib.AttSignature::byteLength (3 bytes)
Event: 4.564 Thread 0x0000000014a9f800 nmethod 1964 0x0000000002d31bd0 code [0x0000000002d31d20, 0x0000000002d31e70]
Event: 4.572 Thread 0x0000000014a9f800 1966       2       com.android.dx.cf.direct.StdAttributeFactory::signature (94 bytes)
Event: 4.573 Thread 0x0000000014a9f800 nmethod 1966 0x0000000002d31f10 code [0x0000000002d321e0, 0x0000000002d33088]

GC Heap History (10 events):
Event: 3.417 GC heap before
{Heap before GC invocations=17 (full 0):
 PSYoungGen      total 29184K, used 29127K [0x00000000eab00000, 0x00000000ecc00000, 0x0000000100000000)
  eden space 26112K, 100% used [0x00000000eab00000,0x00000000ec480000,0x00000000ec480000)
  from space 3072K, 98% used [0x00000000ec800000,0x00000000ecaf1df8,0x00000000ecb00000)
  to   space 3584K, 0% used [0x00000000ec480000,0x00000000ec480000,0x00000000ec800000)
 ParOldGen       total 129536K, used 9782K [0x00000000c0000000, 0x00000000c7e80000, 0x00000000eab00000)
  object space 129536K, 7% used [0x00000000c0000000,0x00000000c098da28,0x00000000c7e80000)
 Metaspace       used 5984K, capacity 6960K, committed 7040K, reserved 1056768K
  class space    used 594K, capacity 616K, committed 640K, reserved 1048576K
Event: 3.445 GC heap after
Heap after GC invocations=17 (full 0):
 PSYoungGen      total 29696K, used 3584K [0x00000000eab00000, 0x00000000ecc00000, 0x0000000100000000)
  eden space 26112K, 0% used [0x00000000eab00000,0x00000000eab00000,0x00000000ec480000)
  from space 3584K, 100% used [0x00000000ec480000,0x00000000ec800000,0x00000000ec800000)
  to   space 3072K, 0% used [0x00000000ec800000,0x00000000ec800000,0x00000000ecb00000)
 ParOldGen       total 129536K, used 12583K [0x00000000c0000000, 0x00000000c7e80000, 0x00000000eab00000)
  object space 129536K, 9% used [0x00000000c0000000,0x00000000c0c49d88,0x00000000c7e80000)
 Metaspace       used 5984K, capacity 6960K, committed 7040K, reserved 1056768K
  class space    used 594K, capacity 616K, committed 640K, reserved 1048576K
}
Event: 3.647 GC heap before
{Heap before GC invocations=18 (full 0):
 PSYoungGen      total 29696K, used 29696K [0x00000000eab00000, 0x00000000ecc00000, 0x0000000100000000)
  eden space 26112K, 100% used [0x00000000eab00000,0x00000000ec480000,0x00000000ec480000)
  from space 3584K, 100% used [0x00000000ec480000,0x00000000ec800000,0x00000000ec800000)
  to   space 3072K, 0% used [0x00000000ec800000,0x00000000ec800000,0x00000000ecb00000)
 ParOldGen       total 129536K, used 12583K [0x00000000c0000000, 0x00000000c7e80000, 0x00000000eab00000)
  object space 129536K, 9% used [0x00000000c0000000,0x00000000c0c49d88,0x00000000c7e80000)
 Metaspace       used 6005K, capacity 6960K, committed 7040K, reserved 1056768K
  class space    used 594K, capacity 616K, committed 640K, reserved 1048576K
Event: 3.661 GC heap after
Heap after GC invocations=18 (full 0):
 PSYoungGen      total 29184K, used 3056K [0x00000000eab00000, 0x00000000ecc00000, 0x0000000100000000)
  eden space 26112K, 0% used [0x00000000eab00000,0x00000000eab00000,0x00000000ec480000)
  from space 3072K, 99% used [0x00000000ec800000,0x00000000ecafc010,0x00000000ecb00000)
  to   space 3584K, 0% used [0x00000000ec480000,0x00000000ec480000,0x00000000ec800000)
 ParOldGen       total 129536K, used 16977K [0x00000000c0000000, 0x00000000c7e80000, 0x00000000eab00000)
  object space 129536K, 13% used [0x00000000c0000000,0x00000000c1094538,0x00000000c7e80000)
 Metaspace       used 6005K, capacity 6960K, committed 7040K, reserved 1056768K
  class space    used 594K, capacity 616K, committed 640K, reserved 1048576K
}
Event: 3.987 GC heap before
{Heap before GC invocations=19 (full 0):
 PSYoungGen      total 29184K, used 29168K [0x00000000eab00000, 0x00000000ecc00000, 0x0000000100000000)
  eden space 26112K, 100% used [0x00000000eab00000,0x00000000ec480000,0x00000000ec480000)
  from space 3072K, 99% used [0x00000000ec800000,0x00000000ecafc010,0x00000000ecb00000)
  to   space 3584K, 0% used [0x00000000ec480000,0x00000000ec480000,0x00000000ec800000)
 ParOldGen       total 129536K, used 16977K [0x00000000c0000000, 0x00000000c7e80000, 0x00000000eab00000)
  object space 129536K, 13% used [0x00000000c0000000,0x00000000c1094538,0x00000000c7e80000)
 Metaspace       used 6026K, capacity 6960K, committed 7040K, reserved 1056768K
  class space    used 594K, capacity 616K, committed 640K, reserved 1048576K
Event: 4.002 GC heap after
Heap after GC invocations=19 (full 0):
 PSYoungGen      total 29696K, used 3584K [0x00000000eab00000, 0x00000000ecc00000, 0x0000000100000000)
  eden space 26112K, 0% used [0x00000000eab00000,0x00000000eab00000,0x00000000ec480000)
  from space 3584K, 100% used [0x00000000ec480000,0x00000000ec800000,0x00000000ec800000)
  to   space 3072K, 0% used [0x00000000ec800000,0x00000000ec800000,0x00000000ecb00000)
 ParOldGen       total 129536K, used 20460K [0x00000000c0000000, 0x00000000c7e80000, 0x00000000eab00000)
  object space 129536K, 15% used [0x00000000c0000000,0x00000000c13fb358,0x00000000c7e80000)
 Metaspace       used 6026K, capacity 6960K, committed 7040K, reserved 1056768K
  class space    used 594K, capacity 616K, committed 640K, reserved 1048576K
}
Event: 4.224 GC heap before
{Heap before GC invocations=20 (full 0):
 PSYoungGen      total 29696K, used 29696K [0x00000000eab00000, 0x00000000ecc00000, 0x0000000100000000)
  eden space 26112K, 100% used [0x00000000eab00000,0x00000000ec480000,0x00000000ec480000)
  from space 3584K, 100% used [0x00000000ec480000,0x00000000ec800000,0x00000000ec800000)
  to   space 3072K, 0% used [0x00000000ec800000,0x00000000ec800000,0x00000000ecb00000)
 ParOldGen       total 129536K, used 20460K [0x00000000c0000000, 0x00000000c7e80000, 0x00000000eab00000)
  object space 129536K, 15% used [0x00000000c0000000,0x00000000c13fb358,0x00000000c7e80000)
 Metaspace       used 6048K, capacity 6960K, committed 7040K, reserved 1056768K
  class space    used 594K, capacity 616K, committed 640K, reserved 1048576K
Event: 4.262 GC heap after
Heap after GC invocations=20 (full 0):
 PSYoungGen      total 29184K, used 3072K [0x00000000eab00000, 0x00000000ecc00000, 0x0000000100000000)
  eden space 26112K, 0% used [0x00000000eab00000,0x00000000eab00000,0x00000000ec480000)
  from space 3072K, 100% used [0x00000000ec800000,0x00000000ecb00000,0x00000000ecb00000)
  to   space 3584K, 0% used [0x00000000ec480000,0x00000000ec480000,0x00000000ec800000)
 ParOldGen       total 129536K, used 25052K [0x00000000c0000000, 0x00000000c7e80000, 0x00000000eab00000)
  object space 129536K, 19% used [0x00000000c0000000,0x00000000c1877058,0x00000000c7e80000)
 Metaspace       used 6048K, capacity 6960K, committed 7040K, reserved 1056768K
  class space    used 594K, capacity 616K, committed 640K, reserved 1048576K
}
Event: 4.447 GC heap before
{Heap before GC invocations=21 (full 0):
 PSYoungGen      total 29184K, used 29184K [0x00000000eab00000, 0x00000000ecc00000, 0x0000000100000000)
  eden space 26112K, 100% used [0x00000000eab00000,0x00000000ec480000,0x00000000ec480000)
  from space 3072K, 100% used [0x00000000ec800000,0x00000000ecb00000,0x00000000ecb00000)
  to   space 3584K, 0% used [0x00000000ec480000,0x00000000ec480000,0x00000000ec800000)
 ParOldGen       total 129536K, used 25052K [0x00000000c0000000, 0x00000000c7e80000, 0x00000000eab00000)
  object space 129536K, 19% used [0x00000000c0000000,0x00000000c1877058,0x00000000c7e80000)
 Metaspace       used 6090K, capacity 7024K, committed 7296K, reserved 1056768K
  class space    used 594K, capacity 616K, committed 640K, reserved 1048576K
Event: 4.460 GC heap after
Heap after GC invocations=21 (full 0):
 PSYoungGen      total 29696K, used 3552K [0x00000000eab00000, 0x00000000ecc00000, 0x0000000100000000)
  eden space 26112K, 0% used [0x00000000eab00000,0x00000000eab00000,0x00000000ec480000)
  from space 3584K, 99% used [0x00000000ec480000,0x00000000ec7f8210,0x00000000ec800000)
  to   space 3072K, 0% used [0x00000000ec800000,0x00000000ec800000,0x00000000ecb00000)
 ParOldGen       total 129536K, used 29185K [0x00000000c0000000, 0x00000000c7e80000, 0x00000000eab00000)
  object space 129536K, 22% used [0x00000000c0000000,0x00000000c1c80668,0x00000000c7e80000)
 Metaspace       used 6090K, capacity 7024K, committed 7296K, reserved 1056768K
  class space    used 594K, capacity 616K, committed 640K, reserved 1048576K
}

Deoptimization events (10 events):
Event: 3.324 Thread 0x0000000015e6d000 Uncommon trap: reason=unreached action=reinterpret pc=0x0000000002bf33d8 method=com.android.dx.ssa.SCCP.simulateBranch(Lcom/android/dx/ssa/SsaInsn;)V @ 132
Event: 3.324 Thread 0x0000000015e6d000 Uncommon trap: reason=unloaded action=reinterpret pc=0x0000000002b5bc8c method=com.android.dx.ssa.LiteralOpUpgrader$1.visitNonMoveInsn(Lcom/android/dx/ssa/NormalSsaInsn;)V @ 72
Event: 3.325 Thread 0x0000000015e6d000 Uncommon trap: reason=unreached action=reinterpret pc=0x0000000002a3659c method=com.android.dx.ssa.SsaMethod.updateOneDefinition(Lcom/android/dx/ssa/SsaInsn;Lcom/android/dx/rop/code/RegisterSpec;)V @ 4
Event: 3.469 Thread 0x0000000015e6f800 Uncommon trap: reason=bimorphic action=maybe_recompile pc=0x0000000002c136b4 method=com.android.dx.cf.code.BytecodeArray.parseInstruction(ILcom/android/dx/cf/code/BytecodeArray$Visitor;)I @ 1501
Event: 3.470 Thread 0x0000000015e6f800 Uncommon trap: reason=bimorphic action=maybe_recompile pc=0x0000000002c136b4 method=com.android.dx.cf.code.BytecodeArray.parseInstruction(ILcom/android/dx/cf/code/BytecodeArray$Visitor;)I @ 1501
Event: 4.040 Thread 0x0000000015e72800 Uncommon trap: reason=class_check action=maybe_recompile pc=0x0000000002c8b5c4 method=com.android.dx.cf.code.BytecodeArray.parseInstruction(ILcom/android/dx/cf/code/BytecodeArray$Visitor;)I @ 1287
Event: 4.052 Thread 0x0000000015e72800 Uncommon trap: reason=class_check action=maybe_recompile pc=0x0000000002c8b5c4 method=com.android.dx.cf.code.BytecodeArray.parseInstruction(ILcom/android/dx/cf/code/BytecodeArray$Visitor;)I @ 1287
Event: 4.084 Thread 0x0000000015e6f800 Uncommon trap: reason=class_check action=maybe_recompile pc=0x0000000002aa3fb8 method=java.util.HashMap.putVal(ILjava/lang/Object;Ljava/lang/Object;ZZ)Ljava/lang/Object; @ 203
Event: 4.094 Thread 0x0000000015e6f800 Uncommon trap: reason=uninitialized action=reinterpret pc=0x0000000002c8adc4 method=com.android.dx.cf.code.BytecodeArray.parseInstruction(ILcom/android/dx/cf/code/BytecodeArray$Visitor;)I @ 1079
Event: 4.516 Thread 0x0000000015e72800 Uncommon trap: reason=unreached action=reinterpret pc=0x0000000002c9fa34 method=com.android.dx.rop.code.LocalItem.compareHandlesNulls(Lcom/android/dx/rop/cst/CstString;Lcom/android/dx/rop/cst/CstString;)I @ 14

Internal exceptions (10 events):
Event: 1.504 Thread 0x0000000015e6d000 Exception <a 'java/security/PrivilegedActionException'> (0x00000000eaf2fec8) thrown at [D:\re\workspace\8-2-build-windows-amd64-cygwin\jdk8u5\2488\hotspot\src\share\vm\prims\jvm.cpp, line 1248]
Event: 1.547 Thread 0x0000000001eed800 Exception <a 'java/security/PrivilegedActionException'> (0x00000000eaed40f8) thrown at [D:\re\workspace\8-2-build-windows-amd64-cygwin\jdk8u5\2488\hotspot\src\share\vm\prims\jvm.cpp, line 1248]
Event: 1.548 Thread 0x0000000001eed800 Exception <a 'java/security/PrivilegedActionException'> (0x00000000eaed66c0) thrown at [D:\re\workspace\8-2-build-windows-amd64-cygwin\jdk8u5\2488\hotspot\src\share\vm\prims\jvm.cpp, line 1248]
Event: 1.883 Thread 0x0000000015e72800 Exception <a 'java/security/PrivilegedActionException'> (0x00000000eabce518) thrown at [D:\re\workspace\8-2-build-windows-amd64-cygwin\jdk8u5\2488\hotspot\src\share\vm\prims\jvm.cpp, line 1248]
Event: 2.114 Thread 0x0000000015e6f800 Implicit null exception at 0x000000000298dfa2 to 0x000000000298e0a1
Event: 2.791 Thread 0x0000000015e72800 Implicit null exception at 0x00000000028f4648 to 0x00000000028f5949
Event: 2.821 Thread 0x0000000015e6d000 Exception <a 'java/security/PrivilegedActionException'> (0x00000000eb37abd8) thrown at [D:\re\workspace\8-2-build-windows-amd64-cygwin\jdk8u5\2488\hotspot\src\share\vm\prims\jvm.cpp, line 1248]
Event: 3.319 Thread 0x0000000001eed800 Exception <a 'java/security/PrivilegedActionException'> (0x00000000eb79f210) thrown at [D:\re\workspace\8-2-build-windows-amd64-cygwin\jdk8u5\2488\hotspot\src\share\vm\prims\jvm.cpp, line 1248]
Event: 3.324 Thread 0x0000000015e6d000 Exception <a 'java/security/PrivilegedActionException'> (0x00000000eb830c18) thrown at [D:\re\workspace\8-2-build-windows-amd64-cygwin\jdk8u5\2488\hotspot\src\share\vm\prims\jvm.cpp, line 1248]
Event: 4.516 Thread 0x0000000015e72800 Implicit null exception at 0x0000000002c9e0bb to 0x0000000002c9fa19

Events (10 events):
Event: 4.331 Thread 0x0000000001eed800 DEOPT PACKING pc=0x0000000002c38aa8 sp=0x00000000023af170
Event: 4.331 Thread 0x0000000001eed800 DEOPT UNPACKING pc=0x00000000025f7204 sp=0x00000000023aee38 mode 0
Event: 4.379 Thread 0x0000000015e6d000 DEOPT PACKING pc=0x00000000028d3b97 sp=0x0000000016c6e910
Event: 4.379 Thread 0x0000000015e6d000 DEOPT UNPACKING pc=0x00000000025f7204 sp=0x0000000016c6e6c0 mode 0
Event: 4.407 Executing VM operation: ParallelGCFailedAllocation
Event: 4.460 Executing VM operation: ParallelGCFailedAllocation done
Event: 4.516 Thread 0x0000000015e72800 Uncommon trap: trap_request=0xffffffad fr.pc=0x0000000002c9fa34
Event: 4.516 Thread 0x0000000015e72800 DEOPT PACKING pc=0x0000000002c9fa34 sp=0x0000000016e6e640
Event: 4.516 Thread 0x0000000015e72800 DEOPT UNPACKING pc=0x00000000025f73ef sp=0x0000000016e6e438 mode 2
Event: 4.574 Executing VM operation: ParallelGCFailedAllocation


Dynamic libraries:
0x00007ff792070000 - 0x00007ff7920a4000 	D:\ProgramFiles\Java\jdk1.8.0_05\bin\java.exe
0x00007ffd39560000 - 0x00007ffd39721000 	C:\WINDOWS\SYSTEM32\ntdll.dll
0x00007ffd38cb0000 - 0x00007ffd38d5d000 	C:\WINDOWS\system32\KERNEL32.DLL
0x00007ffd35f10000 - 0x00007ffd360f8000 	C:\WINDOWS\system32\KERNELBASE.dll
0x00007ffd38ba0000 - 0x00007ffd38c47000 	C:\WINDOWS\system32\ADVAPI32.dll
0x00007ffd38d60000 - 0x00007ffd38dfd000 	C:\WINDOWS\system32\msvcrt.dll
0x00007ffd394f0000 - 0x00007ffd3954b000 	C:\WINDOWS\system32\sechost.dll
0x00007ffd36be0000 - 0x00007ffd36cfc000 	C:\WINDOWS\system32\RPCRT4.dll
0x00007ffd38a40000 - 0x00007ffd38b96000 	C:\WINDOWS\system32\USER32.dll
0x00007ffd38420000 - 0x00007ffd385a6000 	C:\WINDOWS\system32\GDI32.dll
0x00007ffd28a50000 - 0x00007ffd28cc4000 	C:\WINDOWS\WinSxS\amd64_microsoft.windows.common-controls_6595b64144ccf1df_6.0.10586.0_none_8c15ae12515e1c22\COMCTL32.dll
0x00007ffd36960000 - 0x00007ffd36bdd000 	C:\WINDOWS\system32\combase.dll
0x00007ffd36810000 - 0x00007ffd3687a000 	C:\WINDOWS\system32\bcryptPrimitives.dll
0x00007ffd39490000 - 0x00007ffd394cb000 	C:\WINDOWS\system32\IMM32.DLL
0x000000005aa00000 - 0x000000005aad2000 	D:\ProgramFiles\Java\jdk1.8.0_05\jre\bin\msvcr100.dll
0x000000005ac20000 - 0x000000005b44a000 	D:\ProgramFiles\Java\jdk1.8.0_05\jre\bin\server\jvm.dll
0x00007ffd39050000 - 0x00007ffd39058000 	C:\WINDOWS\system32\PSAPI.DLL
0x00007ffd34440000 - 0x00007ffd34449000 	C:\WINDOWS\SYSTEM32\WSOCK32.dll
0x00007ffd38f10000 - 0x00007ffd38f7b000 	C:\WINDOWS\system32\WS2_32.dll
0x00007ffd343a0000 - 0x00007ffd343c3000 	C:\WINDOWS\SYSTEM32\WINMM.dll
0x00007ffd34340000 - 0x00007ffd3436c000 	C:\WINDOWS\SYSTEM32\WINMMBASE.dll
0x00007ffd36910000 - 0x00007ffd36953000 	C:\WINDOWS\system32\cfgmgr32.dll
0x000000005b6c0000 - 0x000000005b6cf000 	D:\ProgramFiles\Java\jdk1.8.0_05\jre\bin\verify.dll
0x000000005b690000 - 0x000000005b6b8000 	D:\ProgramFiles\Java\jdk1.8.0_05\jre\bin\java.dll
0x000000005b670000 - 0x000000005b686000 	D:\ProgramFiles\Java\jdk1.8.0_05\jre\bin\zip.dll
0x00007ffd36d60000 - 0x00007ffd382bc000 	C:\WINDOWS\system32\SHELL32.dll
0x00007ffd361c0000 - 0x00007ffd36805000 	C:\WINDOWS\system32\windows.storage.dll
0x00007ffd38c50000 - 0x00007ffd38ca2000 	C:\WINDOWS\system32\shlwapi.dll
0x00007ffd35bb0000 - 0x00007ffd35bbf000 	C:\WINDOWS\system32\kernel.appcore.dll
0x00007ffd36100000 - 0x00007ffd361b5000 	C:\WINDOWS\system32\shcore.dll
0x00007ffd35bc0000 - 0x00007ffd35c0b000 	C:\WINDOWS\system32\powrprof.dll
0x00007ffd35b80000 - 0x00007ffd35b94000 	C:\WINDOWS\system32\profapi.dll
0x00007ffd1ab40000 - 0x00007ffd1accc000 	C:\WINDOWS\SYSTEM32\dbghelp.dll

VM Arguments:
jvm_args: -Djava.awt.headless=true -Xmx1024M -Dfile.encoding=GBK -Duser.country=CN -Duser.language=zh -Duser.variant 
java_command: com.android.dx.command.Main --dex --force-jumbo --num-threads=4 --multi-dex --output D:\java\StudioProjects\MyContacts\app\build\intermediates\transforms\dex\debug\folders\1000\10\com.android.support-support-v4-23.3.0_04f291747367822da0fec26af0386fc80856dba6 D:\java\StudioProjects\MyContacts\app\build\intermediates\exploded-aar\com.android.support\support-v4\23.3.0\jars\classes.jar
java_class_path (initial): D:\ProgramFiles\Android\jdk\build-tools\23.0.3\lib\dx.jar
Launcher Type: SUN_STANDARD

Environment Variables:
JAVA_HOME=D:\ProgramFiles\Java\jdk1.8.0_05
PATH=C:\WINDOWS\system32;C:\WINDOWS;C:\WINDOWS\System32\Wbem;C:\WINDOWS\System32\WindowsPowerShell\v1.0\;D:\ProgramFiles\TortoiseSVN\bin;D:\ProgramFiles\Java\jdk1.8.0_05\bin
USERNAME=Administrator
OS=Windows_NT
PROCESSOR_IDENTIFIER=Intel64 Family 6 Model 60 Stepping 3, GenuineIntel



---------------  S Y S T E M  ---------------

OS: Windows 8.1 , 64 bit Build 9600 

CPU:total 2 (2 cores per cpu, 1 threads per core) family 6 model 60 stepping 3, cmov, cx8, fxsr, mmx, sse, sse2, sse3, ssse3, sse4.1, sse4.2, popcnt, clmul, erms, tsc, tscinvbit

Memory: 4k page, physical 8286416k(848116k free), swap 8286416k(5792k free)

vm_info: Java HotSpot(TM) 64-Bit Server VM (25.5-b02) for windows-amd64 JRE (1.8.0_05-b13), built on Mar 18 2014 01:08:39 by "java_re" with MS VC++ 10.0 (VS2010)

time: Sat May 07 16:13:42 2016
elapsed time: 4 seconds

