#
# There is insufficient memory for the Java Runtime Environment to continue.
# Native memory allocation (malloc) failed to allocate 2105616 bytes for Chunk::new
# Possible reasons:
#   The system is out of physical RAM or swap space
#   In 32 bit mode, the process size limit was hit
# Possible solutions:
#   Reduce memory load on the system
#   Increase physical memory or swap space
#   Check if swap backing store is full
#   Use 64 bit Java on a 64 bit OS
#   Decrease Java heap size (-Xmx/-Xms)
#   Decrease number of Java threads
#   Decrease Java thread stack sizes (-Xss)
#   Set larger code cache with -XX:ReservedCodeCacheSize=
# This output file may be truncated or incomplete.
#
#  Out of Memory Error (allocation.cpp:388), pid=30340, tid=27580
#
# JRE version: Java(TM) SE Runtime Environment (8.0_05-b13) (build 1.8.0_05-b13)
# Java VM: Java HotSpot(TM) 64-Bit Server VM (25.5-b02 mixed mode windows-amd64 compressed oops)
# Failed to write core dump. Minidumps are not enabled by default on client versions of Windows
#

---------------  T H R E A D  ---------------

Current thread (0x0000000014a1e800):  JavaThread "C2 CompilerThread0" daemon [_thread_in_native, id=27580, stack(0x0000000015910000,0x0000000015a10000)]

Stack: [0x0000000015910000,0x0000000015a10000]
Native frames: (J=compiled Java code, j=interpreted, Vv=VM code, C=native code)
V  [jvm.dll+0x308dea]
V  [jvm.dll+0x25def1]
V  [jvm.dll+0x25eb0f]
V  [jvm.dll+0x2564e5]
V  [jvm.dll+0xbcfc5]
V  [jvm.dll+0xbd45c]
V  [jvm.dll+0x44d422]
V  [jvm.dll+0x48e13f]
V  [jvm.dll+0x442464]
V  [jvm.dll+0x44366b]
V  [jvm.dll+0x427532]
V  [jvm.dll+0x96702]
V  [jvm.dll+0x96ef3]
V  [jvm.dll+0x2232c4]
V  [jvm.dll+0x27baca]
C  [msvcr100.dll+0x21d9f]
C  [msvcr100.dll+0x21e3b]
C  [KERNEL32.DLL+0x18102]
C  [ntdll.dll+0x5c5b4]


Current CompileTask:
C2:   3754 2008   !   4       com.android.dx.cf.code.RopperMachine::run (1550 bytes)


---------------  P R O C E S S  ---------------

Java Threads: ( => current thread )
  0x0000000015c5a800 JavaThread "pool-2-thread-2" [_thread_in_Java, id=31000, stack(0x0000000016310000,0x0000000016410000)]
  0x0000000015c57800 JavaThread "pool-3-thread-1" [_thread_blocked, id=31084, stack(0x0000000016210000,0x0000000016310000)]
  0x0000000015a25000 JavaThread "Service Thread" daemon [_thread_blocked, id=30748, stack(0x0000000015f10000,0x0000000016010000)]
  0x0000000015a22000 JavaThread "C1 CompilerThread1" daemon [_thread_blocked, id=30152, stack(0x0000000015e10000,0x0000000015f10000)]
=>0x0000000014a1e800 JavaThread "C2 CompilerThread0" daemon [_thread_in_native, id=27580, stack(0x0000000015910000,0x0000000015a10000)]
  0x0000000014a1c800 JavaThread "Attach Listener" daemon [_thread_blocked, id=29952, stack(0x0000000015810000,0x0000000015910000)]
  0x00000000149ce800 JavaThread "Signal Dispatcher" daemon [_thread_blocked, id=29756, stack(0x0000000015710000,0x0000000015810000)]
  0x0000000014973800 JavaThread "Finalizer" daemon [_thread_blocked, id=29776, stack(0x0000000015610000,0x0000000015710000)]
  0x0000000014970000 JavaThread "Reference Handler" daemon [_thread_blocked, id=5816, stack(0x0000000015510000,0x0000000015610000)]
  0x000000000222d800 JavaThread "main" [_thread_blocked, id=30384, stack(0x0000000002230000,0x0000000002330000)]

Other Threads:
  0x000000001496a800 VMThread [stack: 0x0000000015410000,0x0000000015510000] [id=29716]
  0x0000000015a26800 WatcherThread [stack: 0x0000000016010000,0x0000000016110000] [id=29888]

VM state:not at safepoint (normal execution)

VM Mutex/Monitor currently owned by a thread: None

Heap:
 PSYoungGen      total 54784K, used 40078K [0x00000000eab00000, 0x00000000ee780000, 0x0000000100000000)
  eden space 48128K, 69% used [0x00000000eab00000,0x00000000ecba7e48,0x00000000eda00000)
  from space 6656K, 99% used [0x00000000eda00000,0x00000000ee07bbf8,0x00000000ee080000)
  to   space 6144K, 0% used [0x00000000ee080000,0x00000000ee080000,0x00000000ee680000)
 ParOldGen       total 129536K, used 37033K [0x00000000c0000000, 0x00000000c7e80000, 0x00000000eab00000)
  object space 129536K, 28% used [0x00000000c0000000,0x00000000c242a690,0x00000000c7e80000)
 Metaspace       used 6196K, capacity 7064K, committed 7424K, reserved 1056768K
  class space    used 615K, capacity 656K, committed 768K, reserved 1048576K

Card table byte_map: [0x00000000118f0000,0x0000000011b00000] byte_map_base: 0x00000000112f0000

Marking Bits: (ParMarkBitMap*) 0x0000000067dd13b0
 Begin Bits: [0x0000000011e60000, 0x0000000012e60000)
 End Bits:   [0x0000000012e60000, 0x0000000013e60000)

Polling page: 0x0000000000400000

CodeCache: size=245760Kb used=7683Kb max_used=7695Kb free=238076Kb
 bounds [0x0000000002530000, 0x0000000002cc0000, 0x0000000011530000]
 total_blobs=2243 nmethods=1977 adapters=180
 compilation: enabled

Compilation events (10 events):
Event: 3.638 Thread 0x0000000015a22000 2006 %     3       com.android.dx.cf.code.BaseMachine::popArgs @ 21 (127 bytes)
Event: 3.639 Thread 0x0000000015a22000 nmethod 2006% 0x0000000002cb1550 code [0x0000000002cb1840, 0x0000000002cb31c8]
Event: 3.639 Thread 0x0000000015a22000 2007       3       com.android.dx.cf.code.BaseMachine::popArgs (127 bytes)
Event: 3.640 Thread 0x0000000014a1e800 nmethod 1846 0x0000000002cb6d90 code [0x0000000002cb6ee0, 0x0000000002cb7258]
Event: 3.640 Thread 0x0000000014a1e800 1565       4       com.android.dx.rop.code.RegisterSpecList::set (7 bytes)
Event: 3.640 Thread 0x0000000015a22000 nmethod 2007 0x0000000002cb4610 code [0x0000000002cb4900, 0x0000000002cb61a8]
Event: 3.640 Thread 0x0000000014a1e800 nmethod 1565 0x0000000002caafd0 code [0x0000000002cab120, 0x0000000002cab218]
Event: 3.640 Thread 0x0000000014a1e800 1766       4       com.android.dx.ssa.NormalSsaInsn::toRopInsn (19 bytes)
Event: 3.641 Thread 0x0000000014a1e800 nmethod 1766 0x0000000002c96f90 code [0x0000000002c970e0, 0x0000000002c97178]
Event: 3.641 Thread 0x0000000014a1e800 2008   !   4       com.android.dx.cf.code.RopperMachine::run (1550 bytes)

GC Heap History (10 events):
Event: 2.247 GC heap before
{Heap before GC invocations=15 (full 0):
 PSYoungGen      total 33792K, used 33148K [0x00000000eab00000, 0x00000000ed100000, 0x0000000100000000)
  eden space 30208K, 100% used [0x00000000eab00000,0x00000000ec880000,0x00000000ec880000)
  from space 3584K, 82% used [0x00000000ecc80000,0x00000000ecf5f130,0x00000000ed000000)
  to   space 4096K, 0% used [0x00000000ec880000,0x00000000ec880000,0x00000000ecc80000)
 ParOldGen       total 129536K, used 11382K [0x00000000c0000000, 0x00000000c7e80000, 0x00000000eab00000)
  object space 129536K, 8% used [0x00000000c0000000,0x00000000c0b1d8e0,0x00000000c7e80000)
 Metaspace       used 6017K, capacity 6960K, committed 7040K, reserved 1056768K
  class space    used 594K, capacity 616K, committed 640K, reserved 1048576K
Event: 2.259 GC heap after
Heap after GC invocations=15 (full 0):
 PSYoungGen      total 34304K, used 4076K [0x00000000eab00000, 0x00000000ee680000, 0x0000000100000000)
  eden space 30208K, 0% used [0x00000000eab00000,0x00000000eab00000,0x00000000ec880000)
  from space 4096K, 99% used [0x00000000ec880000,0x00000000ecc7b0f0,0x00000000ecc80000)
  to   space 6144K, 0% used [0x00000000ee080000,0x00000000ee080000,0x00000000ee680000)
 ParOldGen       total 129536K, used 15216K [0x00000000c0000000, 0x00000000c7e80000, 0x00000000eab00000)
  object space 129536K, 11% used [0x00000000c0000000,0x00000000c0edc3f8,0x00000000c7e80000)
 Metaspace       used 6017K, capacity 6960K, committed 7040K, reserved 1056768K
  class space    used 594K, capacity 616K, committed 640K, reserved 1048576K
}
Event: 2.594 GC heap before
{Heap before GC invocations=16 (full 0):
 PSYoungGen      total 34304K, used 34284K [0x00000000eab00000, 0x00000000ee680000, 0x0000000100000000)
  eden space 30208K, 100% used [0x00000000eab00000,0x00000000ec880000,0x00000000ec880000)
  from space 4096K, 99% used [0x00000000ec880000,0x00000000ecc7b0f0,0x00000000ecc80000)
  to   space 6144K, 0% used [0x00000000ee080000,0x00000000ee080000,0x00000000ee680000)
 ParOldGen       total 129536K, used 15216K [0x00000000c0000000, 0x00000000c7e80000, 0x00000000eab00000)
  object space 129536K, 11% used [0x00000000c0000000,0x00000000c0edc3f8,0x00000000c7e80000)
 Metaspace       used 6026K, capacity 6960K, committed 7040K, reserved 1056768K
  class space    used 594K, capacity 616K, committed 640K, reserved 1048576K
Event: 2.606 GC heap after
Heap after GC invocations=16 (full 0):
 PSYoungGen      total 54272K, used 4494K [0x00000000eab00000, 0x00000000ee780000, 0x0000000100000000)
  eden space 48128K, 0% used [0x00000000eab00000,0x00000000eab00000,0x00000000eda00000)
  from space 6144K, 73% used [0x00000000ee080000,0x00000000ee4e3940,0x00000000ee680000)
  to   space 6656K, 0% used [0x00000000eda00000,0x00000000eda00000,0x00000000ee080000)
 ParOldGen       total 129536K, used 18985K [0x00000000c0000000, 0x00000000c7e80000, 0x00000000eab00000)
  object space 129536K, 14% used [0x00000000c0000000,0x00000000c128a568,0x00000000c7e80000)
 Metaspace       used 6026K, capacity 6960K, committed 7040K, reserved 1056768K
  class space    used 594K, capacity 616K, committed 640K, reserved 1048576K
}
Event: 2.871 GC heap before
{Heap before GC invocations=17 (full 0):
 PSYoungGen      total 54272K, used 52622K [0x00000000eab00000, 0x00000000ee780000, 0x0000000100000000)
  eden space 48128K, 100% used [0x00000000eab00000,0x00000000eda00000,0x00000000eda00000)
  from space 6144K, 73% used [0x00000000ee080000,0x00000000ee4e3940,0x00000000ee680000)
  to   space 6656K, 0% used [0x00000000eda00000,0x00000000eda00000,0x00000000ee080000)
 ParOldGen       total 129536K, used 18985K [0x00000000c0000000, 0x00000000c7e80000, 0x00000000eab00000)
  object space 129536K, 14% used [0x00000000c0000000,0x00000000c128a568,0x00000000c7e80000)
 Metaspace       used 6127K, capacity 7000K, committed 7168K, reserved 1056768K
  class space    used 614K, capacity 656K, committed 768K, reserved 1048576K
Event: 2.909 GC heap after
Heap after GC invocations=17 (full 0):
 PSYoungGen      total 54784K, used 6641K [0x00000000eab00000, 0x00000000ee780000, 0x0000000100000000)
  eden space 48128K, 0% used [0x00000000eab00000,0x00000000eab00000,0x00000000eda00000)
  from space 6656K, 99% used [0x00000000eda00000,0x00000000ee07c5c0,0x00000000ee080000)
  to   space 6144K, 0% used [0x00000000ee080000,0x00000000ee080000,0x00000000ee680000)
 ParOldGen       total 129536K, used 23316K [0x00000000c0000000, 0x00000000c7e80000, 0x00000000eab00000)
  object space 129536K, 17% used [0x00000000c0000000,0x00000000c16c5180,0x00000000c7e80000)
 Metaspace       used 6127K, capacity 7000K, committed 7168K, reserved 1056768K
  class space    used 614K, capacity 656K, committed 768K, reserved 1048576K
}
Event: 3.201 GC heap before
{Heap before GC invocations=18 (full 0):
 PSYoungGen      total 54784K, used 54769K [0x00000000eab00000, 0x00000000ee780000, 0x0000000100000000)
  eden space 48128K, 100% used [0x00000000eab00000,0x00000000eda00000,0x00000000eda00000)
  from space 6656K, 99% used [0x00000000eda00000,0x00000000ee07c5c0,0x00000000ee080000)
  to   space 6144K, 0% used [0x00000000ee080000,0x00000000ee080000,0x00000000ee680000)
 ParOldGen       total 129536K, used 23316K [0x00000000c0000000, 0x00000000c7e80000, 0x00000000eab00000)
  object space 129536K, 17% used [0x00000000c0000000,0x00000000c16c5180,0x00000000c7e80000)
 Metaspace       used 6173K, capacity 7064K, committed 7424K, reserved 1056768K
  class space    used 614K, capacity 656K, committed 768K, reserved 1048576K
Event: 3.218 GC heap after
Heap after GC invocations=18 (full 0):
 PSYoungGen      total 54272K, used 6138K [0x00000000eab00000, 0x00000000ee780000, 0x0000000100000000)
  eden space 48128K, 0% used [0x00000000eab00000,0x00000000eab00000,0x00000000eda00000)
  from space 6144K, 99% used [0x00000000ee080000,0x00000000ee67eb10,0x00000000ee680000)
  to   space 6656K, 0% used [0x00000000eda00000,0x00000000eda00000,0x00000000ee080000)
 ParOldGen       total 129536K, used 30993K [0x00000000c0000000, 0x00000000c7e80000, 0x00000000eab00000)
  object space 129536K, 23% used [0x00000000c0000000,0x00000000c1e44628,0x00000000c7e80000)
 Metaspace       used 6173K, capacity 7064K, committed 7424K, reserved 1056768K
  class space    used 614K, capacity 656K, committed 768K, reserved 1048576K
}
Event: 3.454 GC heap before
{Heap before GC invocations=19 (full 0):
 PSYoungGen      total 54272K, used 54266K [0x00000000eab00000, 0x00000000ee780000, 0x0000000100000000)
  eden space 48128K, 100% used [0x00000000eab00000,0x00000000eda00000,0x00000000eda00000)
  from space 6144K, 99% used [0x00000000ee080000,0x00000000ee67eb10,0x00000000ee680000)
  to   space 6656K, 0% used [0x00000000eda00000,0x00000000eda00000,0x00000000ee080000)
 ParOldGen       total 129536K, used 30993K [0x00000000c0000000, 0x00000000c7e80000, 0x00000000eab00000)
  object space 129536K, 23% used [0x00000000c0000000,0x00000000c1e44628,0x00000000c7e80000)
 Metaspace       used 6181K, capacity 7064K, committed 7424K, reserved 1056768K
  class space    used 614K, capacity 656K, committed 768K, reserved 1048576K
Event: 3.548 GC heap after
Heap after GC invocations=19 (full 0):
 PSYoungGen      total 54784K, used 6638K [0x00000000eab00000, 0x00000000ee780000, 0x0000000100000000)
  eden space 48128K, 0% used [0x00000000eab00000,0x00000000eab00000,0x00000000eda00000)
  from space 6656K, 99% used [0x00000000eda00000,0x00000000ee07bbf8,0x00000000ee080000)
  to   space 6144K, 0% used [0x00000000ee080000,0x00000000ee080000,0x00000000ee680000)
 ParOldGen       total 129536K, used 37033K [0x00000000c0000000, 0x00000000c7e80000, 0x00000000eab00000)
  object space 129536K, 28% used [0x00000000c0000000,0x00000000c242a690,0x00000000c7e80000)
 Metaspace       used 6181K, capacity 7064K, committed 7424K, reserved 1056768K
  class space    used 614K, capacity 656K, committed 768K, reserved 1048576K
}

Deoptimization events (10 events):
Event: 2.282 Thread 0x0000000015c5f000 Uncommon trap: reason=bimorphic action=maybe_recompile pc=0x0000000002bc22d4 method=com.android.dx.cf.code.BytecodeArray.parseInstruction(ILcom/android/dx/cf/code/BytecodeArray$Visitor;)I @ 955
Event: 2.672 Thread 0x0000000015c5f000 Uncommon trap: reason=bimorphic action=maybe_recompile pc=0x0000000002a34b0c method=java.util.HashMap.putVal(ILjava/lang/Object;Ljava/lang/Object;ZZ)Ljava/lang/Object; @ 203
Event: 2.672 Thread 0x0000000015c5f000 Uncommon trap: reason=bimorphic action=maybe_recompile pc=0x0000000002a34b0c method=java.util.HashMap.putVal(ILjava/lang/Object;Ljava/lang/Object;ZZ)Ljava/lang/Object; @ 203
Event: 2.675 Thread 0x0000000015c5f000 Uncommon trap: reason=unreached action=reinterpret pc=0x00000000028fa698 method=java.util.HashMap.getNode(ILjava/lang/Object;)Ljava/util/HashMap$Node; @ 84
Event: 2.677 Thread 0x0000000015c5f000 Uncommon trap: reason=unreached action=reinterpret pc=0x0000000002af80ac method=java.util.HashMap.getNode(ILjava/lang/Object;)Ljava/util/HashMap$Node; @ 84
Event: 2.677 Thread 0x0000000015c5f000 Uncommon trap: reason=unreached action=reinterpret pc=0x0000000002a34ab4 method=java.util.HashMap.putVal(ILjava/lang/Object;Ljava/lang/Object;ZZ)Ljava/lang/Object; @ 109
Event: 2.733 Thread 0x0000000015c57000 Uncommon trap: reason=bimorphic action=maybe_recompile pc=0x0000000002c0b760 method=com.android.dx.ssa.LiteralOpUpgrader.tryReplacingWithConstant(Lcom/android/dx/ssa/NormalSsaInsn;)Z @ 62
Event: 2.847 Thread 0x0000000015c5a800 Uncommon trap: reason=bimorphic action=maybe_recompile pc=0x0000000002c0b760 method=com.android.dx.ssa.LiteralOpUpgrader.tryReplacingWithConstant(Lcom/android/dx/ssa/NormalSsaInsn;)Z @ 62
Event: 2.936 Thread 0x0000000015c57000 Uncommon trap: reason=unreached action=reinterpret pc=0x0000000002bf0214 method=com.android.dx.ssa.MoveParamCombiner$1.visitNonMoveInsn(Lcom/android/dx/ssa/NormalSsaInsn;)V @ 27
Event: 3.586 Thread 0x000000000222d800 Uncommon trap: reason=unreached action=reinterpret pc=0x0000000002c6547c method=com.android.dx.rop.code.RegisterSpec.intersect(Lcom/android/dx/rop/code/RegisterSpec;Z)Lcom/android/dx/rop/code/RegisterSpec; @ 59

Internal exceptions (10 events):
Event: 0.546 Thread 0x0000000015c5a800 Exception <a 'java/security/PrivilegedActionException'> (0x00000000eabf6948) thrown at [D:\re\workspace\8-2-build-windows-amd64-cygwin\jdk8u5\2488\hotspot\src\share\vm\prims\jvm.cpp, line 1248]
Event: 0.592 Thread 0x0000000015c5f000 Exception <a 'java/security/PrivilegedActionException'> (0x00000000eab95eb0) thrown at [D:\re\workspace\8-2-build-windows-amd64-cygwin\jdk8u5\2488\hotspot\src\share\vm\prims\jvm.cpp, line 1248]
Event: 0.599 Thread 0x0000000015c5f000 Exception <a 'java/security/PrivilegedActionException'> (0x00000000eae36ab8) thrown at [D:\re\workspace\8-2-build-windows-amd64-cygwin\jdk8u5\2488\hotspot\src\share\vm\prims\jvm.cpp, line 1248]
Event: 0.634 Thread 0x0000000015c5f000 Exception <a 'java/security/PrivilegedActionException'> (0x00000000eb016f10) thrown at [D:\re\workspace\8-2-build-windows-amd64-cygwin\jdk8u5\2488\hotspot\src\share\vm\prims\jvm.cpp, line 1248]
Event: 0.692 Thread 0x0000000015c5a800 Exception <a 'java/security/PrivilegedActionException'> (0x00000000eabf7720) thrown at [D:\re\workspace\8-2-build-windows-amd64-cygwin\jdk8u5\2488\hotspot\src\share\vm\prims\jvm.cpp, line 1248]
Event: 1.426 Thread 0x000000000222d800 Exception <a 'java/security/PrivilegedActionException'> (0x00000000eb266928) thrown at [D:\re\workspace\8-2-build-windows-amd64-cygwin\jdk8u5\2488\hotspot\src\share\vm\prims\jvm.cpp, line 1248]
Event: 2.048 Thread 0x0000000015c57000 Exception <a 'java/security/PrivilegedActionException'> (0x00000000eba33790) thrown at [D:\re\workspace\8-2-build-windows-amd64-cygwin\jdk8u5\2488\hotspot\src\share\vm\prims\jvm.cpp, line 1248]
Event: 2.674 Thread 0x0000000015c5f000 Exception <a 'java/lang/ArrayIndexOutOfBoundsException': 18> (0x00000000eb9829f8) thrown at [D:\re\workspace\8-2-build-windows-amd64-cygwin\jdk8u5\2488\hotspot\src\share\vm\interpreter\interpreterRuntime.cpp, line 337]
Event: 2.674 Thread 0x0000000015c5f000 Exception <a 'java/lang/ArrayIndexOutOfBoundsException'> (0x00000000eb984490) thrown at [D:\re\workspace\8-2-build-windows-amd64-cygwin\jdk8u5\2488\hotspot\src\share\vm\runtime\sharedRuntime.cpp, line 595]
Event: 2.675 Thread 0x0000000015c5f000 Exception <a 'java/lang/ArrayIndexOutOfBoundsException'> (0x00000000eb9856a8) thrown at [D:\re\workspace\8-2-build-windows-amd64-cygwin\jdk8u5\2488\hotspot\src\share\vm\runtime\sharedRuntime.cpp, line 595]

Events (10 events):
Event: 3.600 Thread 0x0000000015c5c000 DEOPT UNPACKING pc=0x0000000002577204 sp=0x000000001650e510 mode 0
Event: 3.605 Thread 0x0000000015c5c000 Thread exited: 0x0000000015c5c000
Event: 3.610 Thread 0x0000000015c5a800 DEOPT PACKING pc=0x0000000002a85382 sp=0x000000001640e9f0
Event: 3.610 Thread 0x0000000015c5a800 DEOPT UNPACKING pc=0x0000000002577204 sp=0x000000001640e770 mode 0
Event: 3.616 Thread 0x0000000015c5a800 DEOPT PACKING pc=0x0000000002acc398 sp=0x000000001640e840
Event: 3.616 Thread 0x0000000015c5a800 DEOPT UNPACKING pc=0x0000000002577204 sp=0x000000001640e5c0 mode 0
Event: 3.640 Thread 0x0000000015c5a800 DEOPT PACKING pc=0x00000000029d8a35 sp=0x000000001640e5e0
Event: 3.640 Thread 0x0000000015c5a800 DEOPT UNPACKING pc=0x0000000002577204 sp=0x000000001640e350 mode 0
Event: 3.647 Thread 0x0000000015c57000 Thread exited: 0x0000000015c57000
Event: 3.648 Thread 0x0000000015c5f000 Thread exited: 0x0000000015c5f000


Dynamic libraries:
0x00007ff7b66e0000 - 0x00007ff7b6714000 	D:\ProgramFiles\Java\jdk1.8.0_05\bin\java.exe
0x00007ff803b30000 - 0x00007ff803cf1000 	C:\WINDOWS\SYSTEM32\ntdll.dll
0x00007ff803120000 - 0x00007ff8031cd000 	C:\WINDOWS\system32\KERNEL32.DLL
0x00007ff800400000 - 0x00007ff8005e8000 	C:\WINDOWS\system32\KERNELBASE.dll
0x00007ff8027c0000 - 0x00007ff802867000 	C:\WINDOWS\system32\ADVAPI32.dll
0x00007ff802c60000 - 0x00007ff802cfd000 	C:\WINDOWS\system32\msvcrt.dll
0x00007ff802710000 - 0x00007ff80276b000 	C:\WINDOWS\system32\sechost.dll
0x00007ff802b40000 - 0x00007ff802c5c000 	C:\WINDOWS\system32\RPCRT4.dll
0x00007ff802d00000 - 0x00007ff802e56000 	C:\WINDOWS\system32\USER32.dll
0x00007ff802f80000 - 0x00007ff803106000 	C:\WINDOWS\system32\GDI32.dll
0x00007ffff3450000 - 0x00007ffff36c4000 	C:\WINDOWS\WinSxS\amd64_microsoft.windows.common-controls_6595b64144ccf1df_6.0.10586.0_none_8c15ae12515e1c22\COMCTL32.dll
0x00007ff803770000 - 0x00007ff8039ed000 	C:\WINDOWS\system32\combase.dll
0x00007ff800650000 - 0x00007ff8006ba000 	C:\WINDOWS\system32\bcryptPrimitives.dll
0x00007ff802780000 - 0x00007ff8027bb000 	C:\WINDOWS\system32\IMM32.DLL
0x0000000067400000 - 0x00000000674d2000 	D:\ProgramFiles\Java\jdk1.8.0_05\jre\bin\msvcr100.dll
0x0000000067620000 - 0x0000000067e4a000 	D:\ProgramFiles\Java\jdk1.8.0_05\jre\bin\server\jvm.dll
0x00007ff802770000 - 0x00007ff802778000 	C:\WINDOWS\system32\PSAPI.DLL
0x00007ffff9230000 - 0x00007ffff9239000 	C:\WINDOWS\SYSTEM32\WSOCK32.dll
0x00007ff803ac0000 - 0x00007ff803b2b000 	C:\WINDOWS\system32\WS2_32.dll
0x00007ffffe390000 - 0x00007ffffe3b3000 	C:\WINDOWS\SYSTEM32\WINMM.dll
0x00007ffffe360000 - 0x00007ffffe38c000 	C:\WINDOWS\SYSTEM32\WINMMBASE.dll
0x00007ff8001e0000 - 0x00007ff800223000 	C:\WINDOWS\system32\cfgmgr32.dll
0x0000000068160000 - 0x000000006816f000 	D:\ProgramFiles\Java\jdk1.8.0_05\jre\bin\verify.dll
0x0000000068130000 - 0x0000000068158000 	D:\ProgramFiles\Java\jdk1.8.0_05\jre\bin\java.dll
0x0000000068110000 - 0x0000000068126000 	D:\ProgramFiles\Java\jdk1.8.0_05\jre\bin\zip.dll
0x00007ff800fa0000 - 0x00007ff8024fc000 	C:\WINDOWS\system32\SHELL32.dll
0x00007ff8006c0000 - 0x00007ff800d05000 	C:\WINDOWS\system32\windows.storage.dll
0x00007ff802f20000 - 0x00007ff802f72000 	C:\WINDOWS\system32\shlwapi.dll
0x00007ff8001d0000 - 0x00007ff8001df000 	C:\WINDOWS\system32\kernel.appcore.dll
0x00007ff800de0000 - 0x00007ff800e95000 	C:\WINDOWS\system32\shcore.dll
0x00007ff800180000 - 0x00007ff8001cb000 	C:\WINDOWS\system32\powrprof.dll
0x00007ff800160000 - 0x00007ff800174000 	C:\WINDOWS\system32\profapi.dll
0x00007fffe3f40000 - 0x00007fffe40cc000 	C:\WINDOWS\SYSTEM32\dbghelp.dll

VM Arguments:
jvm_args: -Djava.awt.headless=true -Xmx1024M -Dfile.encoding=GBK -Duser.country=CN -Duser.language=zh -Duser.variant 
java_command: com.android.dx.command.Main --dex --force-jumbo --num-threads=4 --multi-dex --output D:\java\StudioProjects\MyContacts\app\build\intermediates\transforms\dex\debug\folders\1000\10\com.android.support-appcompat-v7-23.3.0_e6f40ebdfcdf71b339e7af9289232869cefafdca D:\java\StudioProjects\MyContacts\app\build\intermediates\exploded-aar\com.android.support\appcompat-v7\23.3.0\jars\classes.jar
java_class_path (initial): D:\ProgramFiles\Android\jdk\build-tools\23.0.3\lib\dx.jar
Launcher Type: SUN_STANDARD

Environment Variables:
JAVA_HOME=D:\ProgramFiles\Java\jdk1.8.0_05
PATH=C:\WINDOWS\system32;C:\WINDOWS;C:\WINDOWS\System32\Wbem;C:\WINDOWS\System32\WindowsPowerShell\v1.0\;D:\ProgramFiles\TortoiseSVN\bin;D:\ProgramFiles\Java\jdk1.8.0_05\bin
USERNAME=Administrator
OS=Windows_NT
PROCESSOR_IDENTIFIER=Intel64 Family 6 Model 60 Stepping 3, GenuineIntel



---------------  S Y S T E M  ---------------

OS: Windows 8.1 , 64 bit Build 9600 

CPU:total 2 (2 cores per cpu, 1 threads per core) family 6 model 60 stepping 3, cmov, cx8, fxsr, mmx, sse, sse2, sse3, ssse3, sse4.1, sse4.2, popcnt, clmul, erms, tsc, tscinvbit

Memory: 4k page, physical 8286416k(1332084k free), swap 8286416k(5264k free)

vm_info: Java HotSpot(TM) 64-Bit Server VM (25.5-b02) for windows-amd64 JRE (1.8.0_05-b13), built on Mar 18 2014 01:08:39 by "java_re" with MS VC++ 10.0 (VS2010)

time: Tue Apr 26 17:57:31 2016
elapsed time: 3 seconds

