#
# There is insufficient memory for the Java Runtime Environment to continue.
# Native memory allocation (malloc) failed to allocate 129296 bytes for Chunk::new
# Possible reasons:
#   The system is out of physical RAM or swap space
#   In 32 bit mode, the process size limit was hit
# Possible solutions:
#   Reduce memory load on the system
#   Increase physical memory or swap space
#   Check if swap backing store is full
#   Use 64 bit Java on a 64 bit OS
#   Decrease Java heap size (-Xmx/-Xms)
#   Decrease number of Java threads
#   Decrease Java thread stack sizes (-Xss)
#   Set larger code cache with -XX:ReservedCodeCacheSize=
# This output file may be truncated or incomplete.
#
#  Out of Memory Error (allocation.cpp:388), pid=23124, tid=112
#
# JRE version: Java(TM) SE Runtime Environment (8.0_05-b13) (build 1.8.0_05-b13)
# Java VM: Java HotSpot(TM) 64-Bit Server VM (25.5-b02 mixed mode windows-amd64 compressed oops)
# Failed to write core dump. Minidumps are not enabled by default on client versions of Windows
#

---------------  T H R E A D  ---------------

Current thread (0x0000000014aae800):  JavaThread "C2 CompilerThread0" daemon [_thread_in_native, id=112, stack(0x0000000015990000,0x0000000015a90000)]

Stack: [0x0000000015990000,0x0000000015a90000]
Native frames: (J=compiled Java code, j=interpreted, Vv=VM code, C=native code)
V  [jvm.dll+0x308dea]
V  [jvm.dll+0x25def1]
V  [jvm.dll+0x25eb0f]
V  [jvm.dll+0x2564e5]
V  [jvm.dll+0xbcfc5]
V  [jvm.dll+0xbd45c]
V  [jvm.dll+0x43adc2]
V  [jvm.dll+0x4ac050]
V  [jvm.dll+0x4b0100]
V  [jvm.dll+0x440f31]
V  [jvm.dll+0x4436a9]
V  [jvm.dll+0x427532]
V  [jvm.dll+0x96702]
V  [jvm.dll+0x96ef3]
V  [jvm.dll+0x2232c4]
V  [jvm.dll+0x27baca]
C  [msvcr100.dll+0x21d9f]
C  [msvcr100.dll+0x21e3b]
C  [KERNEL32.DLL+0x18102]
C  [ntdll.dll+0x5c5b4]


Current CompileTask:
C2:    338  160       4       java.util.regex.Pattern::compile (406 bytes)


---------------  P R O C E S S  ---------------

Java Threads: ( => current thread )
  0x0000000015aa5000 JavaThread "Service Thread" daemon [_thread_blocked, id=44552, stack(0x0000000015f90000,0x0000000016090000)]
  0x0000000014aec000 JavaThread "C1 CompilerThread1" daemon [_thread_in_native, id=67020, stack(0x0000000015e90000,0x0000000015f90000)]
=>0x0000000014aae800 JavaThread "C2 CompilerThread0" daemon [_thread_in_native, id=112, stack(0x0000000015990000,0x0000000015a90000)]
  0x0000000014aac800 JavaThread "Attach Listener" daemon [_thread_blocked, id=73936, stack(0x0000000015890000,0x0000000015990000)]
  0x0000000014a5e800 JavaThread "Signal Dispatcher" daemon [_thread_blocked, id=40432, stack(0x0000000015790000,0x0000000015890000)]
  0x0000000014a09000 JavaThread "Finalizer" daemon [_thread_blocked, id=77252, stack(0x0000000015690000,0x0000000015790000)]
  0x0000000014a00000 JavaThread "Reference Handler" daemon [_thread_blocked, id=16064, stack(0x0000000015590000,0x0000000015690000)]
  0x00000000024bd800 JavaThread "main" [_thread_in_vm, id=79272, stack(0x0000000002310000,0x0000000002410000)]

Other Threads:
  0x00000000149fa800 VMThread [stack: 0x0000000015490000,0x0000000015590000] [id=5400]
  0x0000000015aa7000 WatcherThread [stack: 0x0000000016090000,0x0000000016190000] [id=64864]

VM state:not at safepoint (normal execution)

VM Mutex/Monitor currently owned by a thread: None

Heap:
 PSYoungGen      total 1536K, used 972K [0x00000000eab00000, 0x00000000ead00000, 0x0000000100000000)
  eden space 1024K, 91% used [0x00000000eab00000,0x00000000eabeb348,0x00000000eac00000)
  from space 512K, 6% used [0x00000000eac00000,0x00000000eac08000,0x00000000eac80000)
  to   space 512K, 0% used [0x00000000eac80000,0x00000000eac80000,0x00000000ead00000)
 ParOldGen       total 129536K, used 1104K [0x00000000c0000000, 0x00000000c7e80000, 0x00000000eab00000)
  object space 129536K, 0% used [0x00000000c0000000,0x00000000c0114330,0x00000000c7e80000)
 Metaspace       used 3687K, capacity 4944K, committed 5120K, reserved 1056768K
  class space    used 404K, capacity 456K, committed 512K, reserved 1048576K

Card table byte_map: [0x0000000011980000,0x0000000011b90000] byte_map_base: 0x0000000011380000

Marking Bits: (ParMarkBitMap*) 0x000000005b3d13b0
 Begin Bits: [0x0000000011ef0000, 0x0000000012ef0000)
 End Bits:   [0x0000000012ef0000, 0x0000000013ef0000)

Polling page: 0x00000000001f0000

CodeCache: size=245760Kb used=1549Kb max_used=1549Kb free=244210Kb
 bounds [0x00000000025c0000, 0x0000000002830000, 0x00000000115c0000]
 total_blobs=476 nmethods=227 adapters=163
 compilation: enabled

Compilation events (10 events):
Event: 0.317 Thread 0x0000000014aec000  195       3       java.util.Date::getTime (5 bytes)
Event: 0.317 Thread 0x0000000014aec000 nmethod 195 0x00000000027312d0 code [0x0000000002731440, 0x00000000027316e8]
Event: 0.317 Thread 0x0000000014aec000  196       3       java.util.Date::getTimeImpl (27 bytes)
Event: 0.317 Thread 0x0000000014aec000 nmethod 196 0x0000000002731810 code [0x0000000002731980, 0x0000000002731bc8]
Event: 0.318 Thread 0x0000000014aec000  198       3       java.lang.String::equalsIgnoreCase (48 bytes)
Event: 0.318 Thread 0x0000000014aec000 nmethod 198 0x0000000002732010 code [0x0000000002732180, 0x00000000027324e8]
Event: 0.321 Thread 0x0000000014aec000  199       3       java.util.Arrays::copyOf (19 bytes)
Event: 0.321 Thread 0x0000000014aec000 nmethod 199 0x0000000002732610 code [0x0000000002732780, 0x0000000002732aa8]
Event: 0.321 Thread 0x0000000014aec000  200       3       sun.nio.cs.UTF_8$Encoder::encode (359 bytes)
Event: 0.322 Thread 0x0000000014aec000 nmethod 200 0x0000000002732bd0 code [0x0000000002732dc0, 0x0000000002733858]

GC Heap History (10 events):
Event: 0.254 GC heap before
{Heap before GC invocations=5 (full 0):
 PSYoungGen      total 1536K, used 1504K [0x00000000eab00000, 0x00000000ead00000, 0x0000000100000000)
  eden space 1024K, 100% used [0x00000000eab00000,0x00000000eac00000,0x00000000eac00000)
  from space 512K, 93% used [0x00000000eac80000,0x00000000eacf8030,0x00000000ead00000)
  to   space 512K, 0% used [0x00000000eac00000,0x00000000eac00000,0x00000000eac80000)
 ParOldGen       total 129536K, used 684K [0x00000000c0000000, 0x00000000c7e80000, 0x00000000eab00000)
  object space 129536K, 0% used [0x00000000c0000000,0x00000000c00ab248,0x00000000c7e80000)
 Metaspace       used 3470K, capacity 4720K, committed 4864K, reserved 1056768K
  class space    used 376K, capacity 424K, committed 512K, reserved 1048576K
Event: 0.262 GC heap after
Heap after GC invocations=5 (full 0):
 PSYoungGen      total 1536K, used 456K [0x00000000eab00000, 0x00000000ead00000, 0x0000000100000000)
  eden space 1024K, 0% used [0x00000000eab00000,0x00000000eab00000,0x00000000eac00000)
  from space 512K, 89% used [0x00000000eac00000,0x00000000eac72020,0x00000000eac80000)
  to   space 512K, 0% used [0x00000000eac80000,0x00000000eac80000,0x00000000ead00000)
 ParOldGen       total 129536K, used 684K [0x00000000c0000000, 0x00000000c7e80000, 0x00000000eab00000)
  object space 129536K, 0% used [0x00000000c0000000,0x00000000c00ab248,0x00000000c7e80000)
 Metaspace       used 3470K, capacity 4720K, committed 4864K, reserved 1056768K
  class space    used 376K, capacity 424K, committed 512K, reserved 1048576K
}
Event: 0.263 GC heap before
{Heap before GC invocations=6 (full 0):
 PSYoungGen      total 1536K, used 1480K [0x00000000eab00000, 0x00000000ead00000, 0x0000000100000000)
  eden space 1024K, 100% used [0x00000000eab00000,0x00000000eac00000,0x00000000eac00000)
  from space 512K, 89% used [0x00000000eac00000,0x00000000eac72020,0x00000000eac80000)
  to   space 512K, 0% used [0x00000000eac80000,0x00000000eac80000,0x00000000ead00000)
 ParOldGen       total 129536K, used 684K [0x00000000c0000000, 0x00000000c7e80000, 0x00000000eab00000)
  object space 129536K, 0% used [0x00000000c0000000,0x00000000c00ab248,0x00000000c7e80000)
 Metaspace       used 3470K, capacity 4720K, committed 4864K, reserved 1056768K
  class space    used 376K, capacity 424K, committed 512K, reserved 1048576K
Event: 0.286 GC heap after
Heap after GC invocations=6 (full 0):
 PSYoungGen      total 1536K, used 456K [0x00000000eab00000, 0x00000000ead00000, 0x0000000100000000)
  eden space 1024K, 0% used [0x00000000eab00000,0x00000000eab00000,0x00000000eac00000)
  from space 512K, 89% used [0x00000000eac80000,0x00000000eacf2020,0x00000000ead00000)
  to   space 512K, 0% used [0x00000000eac00000,0x00000000eac00000,0x00000000eac80000)
 ParOldGen       total 129536K, used 684K [0x00000000c0000000, 0x00000000c7e80000, 0x00000000eab00000)
  object space 129536K, 0% used [0x00000000c0000000,0x00000000c00ab248,0x00000000c7e80000)
 Metaspace       used 3470K, capacity 4720K, committed 4864K, reserved 1056768K
  class space    used 376K, capacity 424K, committed 512K, reserved 1048576K
}
Event: 0.288 GC heap before
{Heap before GC invocations=7 (full 0):
 PSYoungGen      total 1536K, used 1480K [0x00000000eab00000, 0x00000000ead00000, 0x0000000100000000)
  eden space 1024K, 100% used [0x00000000eab00000,0x00000000eac00000,0x00000000eac00000)
  from space 512K, 89% used [0x00000000eac80000,0x00000000eacf2020,0x00000000ead00000)
  to   space 512K, 0% used [0x00000000eac00000,0x00000000eac00000,0x00000000eac80000)
 ParOldGen       total 129536K, used 684K [0x00000000c0000000, 0x00000000c7e80000, 0x00000000eab00000)
  object space 129536K, 0% used [0x00000000c0000000,0x00000000c00ab248,0x00000000c7e80000)
 Metaspace       used 3470K, capacity 4720K, committed 4864K, reserved 1056768K
  class space    used 376K, capacity 424K, committed 512K, reserved 1048576K
Event: 0.293 GC heap after
Heap after GC invocations=7 (full 0):
 PSYoungGen      total 1536K, used 128K [0x00000000eab00000, 0x00000000ead00000, 0x0000000100000000)
  eden space 1024K, 0% used [0x00000000eab00000,0x00000000eab00000,0x00000000eac00000)
  from space 512K, 25% used [0x00000000eac00000,0x00000000eac20000,0x00000000eac80000)
  to   space 512K, 0% used [0x00000000eac80000,0x00000000eac80000,0x00000000ead00000)
 ParOldGen       total 129536K, used 1000K [0x00000000c0000000, 0x00000000c7e80000, 0x00000000eab00000)
  object space 129536K, 0% used [0x00000000c0000000,0x00000000c00fa310,0x00000000c7e80000)
 Metaspace       used 3470K, capacity 4720K, committed 4864K, reserved 1056768K
  class space    used 376K, capacity 424K, committed 512K, reserved 1048576K
}
Event: 0.295 GC heap before
{Heap before GC invocations=8 (full 0):
 PSYoungGen      total 1536K, used 1152K [0x00000000eab00000, 0x00000000ead00000, 0x0000000100000000)
  eden space 1024K, 100% used [0x00000000eab00000,0x00000000eac00000,0x00000000eac00000)
  from space 512K, 25% used [0x00000000eac00000,0x00000000eac20000,0x00000000eac80000)
  to   space 512K, 0% used [0x00000000eac80000,0x00000000eac80000,0x00000000ead00000)
 ParOldGen       total 129536K, used 1000K [0x00000000c0000000, 0x00000000c7e80000, 0x00000000eab00000)
  object space 129536K, 0% used [0x00000000c0000000,0x00000000c00fa310,0x00000000c7e80000)
 Metaspace       used 3470K, capacity 4720K, committed 4864K, reserved 1056768K
  class space    used 376K, capacity 424K, committed 512K, reserved 1048576K
Event: 0.298 GC heap after
Heap after GC invocations=8 (full 0):
 PSYoungGen      total 1536K, used 32K [0x00000000eab00000, 0x00000000ead00000, 0x0000000100000000)
  eden space 1024K, 0% used [0x00000000eab00000,0x00000000eab00000,0x00000000eac00000)
  from space 512K, 6% used [0x00000000eac80000,0x00000000eac88000,0x00000000ead00000)
  to   space 512K, 0% used [0x00000000eac00000,0x00000000eac00000,0x00000000eac80000)
 ParOldGen       total 129536K, used 1096K [0x00000000c0000000, 0x00000000c7e80000, 0x00000000eab00000)
  object space 129536K, 0% used [0x00000000c0000000,0x00000000c0112330,0x00000000c7e80000)
 Metaspace       used 3470K, capacity 4720K, committed 4864K, reserved 1056768K
  class space    used 376K, capacity 424K, committed 512K, reserved 1048576K
}
Event: 0.299 GC heap before
{Heap before GC invocations=9 (full 0):
 PSYoungGen      total 1536K, used 1056K [0x00000000eab00000, 0x00000000ead00000, 0x0000000100000000)
  eden space 1024K, 100% used [0x00000000eab00000,0x00000000eac00000,0x00000000eac00000)
  from space 512K, 6% used [0x00000000eac80000,0x00000000eac88000,0x00000000ead00000)
  to   space 512K, 0% used [0x00000000eac00000,0x00000000eac00000,0x00000000eac80000)
 ParOldGen       total 129536K, used 1096K [0x00000000c0000000, 0x00000000c7e80000, 0x00000000eab00000)
  object space 129536K, 0% used [0x00000000c0000000,0x00000000c0112330,0x00000000c7e80000)
 Metaspace       used 3470K, capacity 4720K, committed 4864K, reserved 1056768K
  class space    used 376K, capacity 424K, committed 512K, reserved 1048576K
Event: 0.305 GC heap after
Heap after GC invocations=9 (full 0):
 PSYoungGen      total 1536K, used 32K [0x00000000eab00000, 0x00000000ead00000, 0x0000000100000000)
  eden space 1024K, 0% used [0x00000000eab00000,0x00000000eab00000,0x00000000eac00000)
  from space 512K, 6% used [0x00000000eac00000,0x00000000eac08000,0x00000000eac80000)
  to   space 512K, 0% used [0x00000000eac80000,0x00000000eac80000,0x00000000ead00000)
 ParOldGen       total 129536K, used 1104K [0x00000000c0000000, 0x00000000c7e80000, 0x00000000eab00000)
  object space 129536K, 0% used [0x00000000c0000000,0x00000000c0114330,0x00000000c7e80000)
 Metaspace       used 3470K, capacity 4720K, committed 4864K, reserved 1056768K
  class space    used 376K, capacity 424K, committed 512K, reserved 1048576K
}

Deoptimization events (0 events):
No events

Internal exceptions (10 events):
Event: 0.307 Thread 0x00000000024bd800 Exception <a 'java/security/PrivilegedActionException'> (0x00000000eab4c418) thrown at [D:\re\workspace\8-2-build-windows-amd64-cygwin\jdk8u5\2488\hotspot\src\share\vm\prims\jvm.cpp, line 1248]
Event: 0.308 Thread 0x00000000024bd800 Exception <a 'java/security/PrivilegedActionException'> (0x00000000eab64660) thrown at [D:\re\workspace\8-2-build-windows-amd64-cygwin\jdk8u5\2488\hotspot\src\share\vm\prims\jvm.cpp, line 1248]
Event: 0.309 Thread 0x00000000024bd800 Exception <a 'java/security/PrivilegedActionException'> (0x00000000eab673b0) thrown at [D:\re\workspace\8-2-build-windows-amd64-cygwin\jdk8u5\2488\hotspot\src\share\vm\prims\jvm.cpp, line 1248]
Event: 0.309 Thread 0x00000000024bd800 Exception <a 'java/security/PrivilegedActionException'> (0x00000000eab6a0a0) thrown at [D:\re\workspace\8-2-build-windows-amd64-cygwin\jdk8u5\2488\hotspot\src\share\vm\prims\jvm.cpp, line 1248]
Event: 0.318 Thread 0x00000000024bd800 Exception <a 'java/security/PrivilegedActionException'> (0x00000000eab72e78) thrown at [D:\re\workspace\8-2-build-windows-amd64-cygwin\jdk8u5\2488\hotspot\src\share\vm\prims\jvm.cpp, line 1248]
Event: 0.320 Thread 0x00000000024bd800 Exception <a 'java/security/PrivilegedActionException'> (0x00000000eab74e08) thrown at [D:\re\workspace\8-2-build-windows-amd64-cygwin\jdk8u5\2488\hotspot\src\share\vm\prims\jvm.cpp, line 1248]
Event: 0.320 Thread 0x00000000024bd800 Exception <a 'java/security/PrivilegedActionException'> (0x00000000eab76d38) thrown at [D:\re\workspace\8-2-build-windows-amd64-cygwin\jdk8u5\2488\hotspot\src\share\vm\prims\jvm.cpp, line 1248]
Event: 0.321 Thread 0x00000000024bd800 Exception <a 'java/security/PrivilegedActionException'> (0x00000000eab78ac0) thrown at [D:\re\workspace\8-2-build-windows-amd64-cygwin\jdk8u5\2488\hotspot\src\share\vm\prims\jvm.cpp, line 1248]
Event: 0.321 Thread 0x00000000024bd800 Exception <a 'java/security/PrivilegedActionException'> (0x00000000eab7aac0) thrown at [D:\re\workspace\8-2-build-windows-amd64-cygwin\jdk8u5\2488\hotspot\src\share\vm\prims\jvm.cpp, line 1248]
Event: 0.322 Thread 0x00000000024bd800 Exception <a 'java/security/PrivilegedActionException'> (0x00000000eab7c810) thrown at [D:\re\workspace\8-2-build-windows-amd64-cygwin\jdk8u5\2488\hotspot\src\share\vm\prims\jvm.cpp, line 1248]

Events (10 events):
Event: 0.320 loading class com/android/dx/rop/cst/ConstantPool
Event: 0.320 loading class com/android/dx/rop/cst/ConstantPool done
Event: 0.321 loading class com/android/dx/rop/type/TypeList
Event: 0.321 loading class com/android/dx/rop/type/TypeList done
Event: 0.321 loading class java/lang/IllegalStateException
Event: 0.321 loading class java/lang/IllegalStateException done
Event: 0.321 loading class com/android/dx/cf/iface/FieldList
Event: 0.321 loading class com/android/dx/cf/iface/FieldList done
Event: 0.322 loading class com/android/dx/cf/iface/MethodList
Event: 0.322 loading class com/android/dx/cf/iface/MethodList done


Dynamic libraries:
0x00007ff7be150000 - 0x00007ff7be184000 	D:\ProgramFiles\Java\jdk1.8.0_05\bin\java.exe
0x00007ffd39560000 - 0x00007ffd39721000 	C:\WINDOWS\SYSTEM32\ntdll.dll
0x00007ffd38cb0000 - 0x00007ffd38d5d000 	C:\WINDOWS\system32\KERNEL32.DLL
0x00007ffd35f10000 - 0x00007ffd360f8000 	C:\WINDOWS\system32\KERNELBASE.dll
0x00007ffd38ba0000 - 0x00007ffd38c47000 	C:\WINDOWS\system32\ADVAPI32.dll
0x00007ffd38d60000 - 0x00007ffd38dfd000 	C:\WINDOWS\system32\msvcrt.dll
0x00007ffd394f0000 - 0x00007ffd3954b000 	C:\WINDOWS\system32\sechost.dll
0x00007ffd36be0000 - 0x00007ffd36cfc000 	C:\WINDOWS\system32\RPCRT4.dll
0x00007ffd38a40000 - 0x00007ffd38b96000 	C:\WINDOWS\system32\USER32.dll
0x00007ffd38420000 - 0x00007ffd385a6000 	C:\WINDOWS\system32\GDI32.dll
0x00007ffd28a50000 - 0x00007ffd28cc4000 	C:\WINDOWS\WinSxS\amd64_microsoft.windows.common-controls_6595b64144ccf1df_6.0.10586.0_none_8c15ae12515e1c22\COMCTL32.dll
0x00007ffd36960000 - 0x00007ffd36bdd000 	C:\WINDOWS\system32\combase.dll
0x00007ffd36810000 - 0x00007ffd3687a000 	C:\WINDOWS\system32\bcryptPrimitives.dll
0x00007ffd39490000 - 0x00007ffd394cb000 	C:\WINDOWS\system32\IMM32.DLL
0x000000005a520000 - 0x000000005a5f2000 	D:\ProgramFiles\Java\jdk1.8.0_05\jre\bin\msvcr100.dll
0x000000005ac20000 - 0x000000005b44a000 	D:\ProgramFiles\Java\jdk1.8.0_05\jre\bin\server\jvm.dll
0x00007ffd39050000 - 0x00007ffd39058000 	C:\WINDOWS\system32\PSAPI.DLL
0x00007ffd34440000 - 0x00007ffd34449000 	C:\WINDOWS\SYSTEM32\WSOCK32.dll
0x00007ffd38f10000 - 0x00007ffd38f7b000 	C:\WINDOWS\system32\WS2_32.dll
0x00007ffd343a0000 - 0x00007ffd343c3000 	C:\WINDOWS\SYSTEM32\WINMM.dll
0x00007ffd34340000 - 0x00007ffd3436c000 	C:\WINDOWS\SYSTEM32\WINMMBASE.dll
0x00007ffd36910000 - 0x00007ffd36953000 	C:\WINDOWS\system32\cfgmgr32.dll
0x000000005ab30000 - 0x000000005ab3f000 	D:\ProgramFiles\Java\jdk1.8.0_05\jre\bin\verify.dll
0x000000005ab00000 - 0x000000005ab28000 	D:\ProgramFiles\Java\jdk1.8.0_05\jre\bin\java.dll
0x000000005aae0000 - 0x000000005aaf6000 	D:\ProgramFiles\Java\jdk1.8.0_05\jre\bin\zip.dll
0x00007ffd36d60000 - 0x00007ffd382bc000 	C:\WINDOWS\system32\SHELL32.dll
0x00007ffd361c0000 - 0x00007ffd36805000 	C:\WINDOWS\system32\windows.storage.dll
0x00007ffd38c50000 - 0x00007ffd38ca2000 	C:\WINDOWS\system32\shlwapi.dll
0x00007ffd35bb0000 - 0x00007ffd35bbf000 	C:\WINDOWS\system32\kernel.appcore.dll
0x00007ffd36100000 - 0x00007ffd361b5000 	C:\WINDOWS\system32\shcore.dll
0x00007ffd35bc0000 - 0x00007ffd35c0b000 	C:\WINDOWS\system32\powrprof.dll
0x00007ffd35b80000 - 0x00007ffd35b94000 	C:\WINDOWS\system32\profapi.dll
0x00007ffd1c410000 - 0x00007ffd1c59c000 	C:\WINDOWS\SYSTEM32\dbghelp.dll

VM Arguments:
jvm_args: -Djava.awt.headless=true -Xmx1024M -Dfile.encoding=GBK -Duser.country=CN -Duser.language=zh -Duser.variant 
java_command: com.android.dx.command.Main --dex --force-jumbo --num-threads=4 --multi-dex --output D:\java\StudioProjects\MyContacts\app\build\intermediates\transforms\dex\debug\folders\1000\10\com.android.support-appcompat-v7-23.3.0_e6f40ebdfcdf71b339e7af9289232869cefafdca D:\java\StudioProjects\MyContacts\app\build\intermediates\exploded-aar\com.android.support\appcompat-v7\23.3.0\jars\classes.jar
java_class_path (initial): D:\ProgramFiles\Android\jdk\build-tools\23.0.3\lib\dx.jar
Launcher Type: SUN_STANDARD

Environment Variables:
JAVA_HOME=D:\ProgramFiles\Java\jdk1.8.0_05
PATH=C:\WINDOWS\system32;C:\WINDOWS;C:\WINDOWS\System32\Wbem;C:\WINDOWS\System32\WindowsPowerShell\v1.0\;D:\ProgramFiles\TortoiseSVN\bin;D:\ProgramFiles\Java\jdk1.8.0_05\bin
USERNAME=Administrator
OS=Windows_NT
PROCESSOR_IDENTIFIER=Intel64 Family 6 Model 60 Stepping 3, GenuineIntel



---------------  S Y S T E M  ---------------

OS: Windows 8.1 , 64 bit Build 9600 

CPU:total 2 (2 cores per cpu, 1 threads per core) family 6 model 60 stepping 3, cmov, cx8, fxsr, mmx, sse, sse2, sse3, ssse3, sse4.1, sse4.2, popcnt, clmul, erms, tsc, tscinvbit

Memory: 4k page, physical 8286416k(878004k free), swap 8286416k(156k free)

vm_info: Java HotSpot(TM) 64-Bit Server VM (25.5-b02) for windows-amd64 JRE (1.8.0_05-b13), built on Mar 18 2014 01:08:39 by "java_re" with MS VC++ 10.0 (VS2010)

time: Sat May 07 13:04:34 2016
elapsed time: 0 seconds

