#
# There is insufficient memory for the Java Runtime Environment to continue.
# Native memory allocation (malloc) failed to allocate 32744 bytes for ChunkPool::allocate
# Possible reasons:
#   The system is out of physical RAM or swap space
#   In 32 bit mode, the process size limit was hit
# Possible solutions:
#   Reduce memory load on the system
#   Increase physical memory or swap space
#   Check if swap backing store is full
#   Use 64 bit Java on a 64 bit OS
#   Decrease Java heap size (-Xmx/-Xms)
#   Decrease number of Java threads
#   Decrease Java thread stack sizes (-Xss)
#   Set larger code cache with -XX:ReservedCodeCacheSize=
# This output file may be truncated or incomplete.
#
#  Out of Memory Error (allocation.cpp:271), pid=43384, tid=77500
#
# JRE version: Java(TM) SE Runtime Environment (8.0_05-b13) (build 1.8.0_05-b13)
# Java VM: Java HotSpot(TM) 64-Bit Server VM (25.5-b02 mixed mode windows-amd64 compressed oops)
# Failed to write core dump. Minidumps are not enabled by default on client versions of Windows
#

---------------  T H R E A D  ---------------

Current thread (0x0000000014a7e800):  JavaThread "C1 CompilerThread1" daemon [_thread_in_native, id=77500, stack(0x0000000015e10000,0x0000000015f10000)]

Stack: [0x0000000015e10000,0x0000000015f10000]
Native frames: (J=compiled Java code, j=interpreted, Vv=VM code, C=native code)
V  [jvm.dll+0x308dea]
V  [jvm.dll+0x25def1]
V  [jvm.dll+0x25eb0f]
V  [jvm.dll+0x2564e5]
V  [jvm.dll+0xbcd21]
V  [jvm.dll+0xbd45c]
V  [jvm.dll+0x3f9084]
V  [jvm.dll+0x3fb965]
V  [jvm.dll+0x3fdae3]
V  [jvm.dll+0x3ff269]
V  [jvm.dll+0x3ff6f4]
V  [jvm.dll+0x3de4a0]
V  [jvm.dll+0x3de870]
V  [jvm.dll+0x3de9a2]
V  [jvm.dll+0x3deb68]
V  [jvm.dll+0x3ded6f]
V  [jvm.dll+0x96702]
V  [jvm.dll+0x96ef3]
V  [jvm.dll+0x2232c4]
V  [jvm.dll+0x27baca]
C  [msvcr100.dll+0x21d9f]
C  [msvcr100.dll+0x21e3b]
C  [KERNEL32.DLL+0x18102]
C  [ntdll.dll+0x5c5b4]


Current CompileTask:
C1:    228   54  s!   3       sun.misc.URLClassPath::getLoader (154 bytes)


---------------  P R O C E S S  ---------------

Java Threads: ( => current thread )
  0x0000000015a23000 JavaThread "Service Thread" daemon [_thread_blocked, id=76796, stack(0x0000000015f10000,0x0000000016010000)]
=>0x0000000014a7e800 JavaThread "C1 CompilerThread1" daemon [_thread_in_native, id=77500, stack(0x0000000015e10000,0x0000000015f10000)]
  0x0000000014a3d800 JavaThread "C2 CompilerThread0" daemon [_thread_blocked, id=83808, stack(0x0000000015910000,0x0000000015a10000)]
  0x0000000014a3b800 JavaThread "Attach Listener" daemon [_thread_blocked, id=42820, stack(0x0000000015810000,0x0000000015910000)]
  0x0000000014a38800 JavaThread "Signal Dispatcher" daemon [_thread_blocked, id=75576, stack(0x0000000015710000,0x0000000015810000)]
  0x0000000014993800 JavaThread "Finalizer" daemon [_thread_blocked, id=32108, stack(0x0000000015610000,0x0000000015710000)]
  0x0000000014990000 JavaThread "Reference Handler" daemon [_thread_blocked, id=33248, stack(0x0000000015510000,0x0000000015610000)]
  0x000000000244d800 JavaThread "main" [_thread_in_Java, id=74044, stack(0x00000000022a0000,0x00000000023a0000)]

Other Threads:
  0x000000001498a800 VMThread [stack: 0x0000000015410000,0x0000000015510000] [id=14700]
  0x0000000015a25800 WatcherThread [stack: 0x0000000016010000,0x0000000016110000] [id=29664]

VM state:not at safepoint (normal execution)

VM Mutex/Monitor currently owned by a thread: None

Heap:
 PSYoungGen      total 1024K, used 558K [0x00000000eab00000, 0x00000000ead00000, 0x0000000100000000)
  eden space 512K, 10% used [0x00000000eab00000,0x00000000eab0da58,0x00000000eab80000)
  from space 512K, 98% used [0x00000000eab80000,0x00000000eabfe030,0x00000000eac00000)
  to   space 512K, 0% used [0x00000000eac80000,0x00000000eac80000,0x00000000ead00000)
 ParOldGen       total 129536K, used 417K [0x00000000c0000000, 0x00000000c7e80000, 0x00000000eab00000)
  object space 129536K, 0% used [0x00000000c0000000,0x00000000c0068470,0x00000000c7e80000)
 Metaspace       used 3213K, capacity 4656K, committed 4864K, reserved 1056768K
  class space    used 350K, capacity 424K, committed 512K, reserved 1048576K

Card table byte_map: [0x0000000011910000,0x0000000011b20000] byte_map_base: 0x0000000011310000

Marking Bits: (ParMarkBitMap*) 0x000000005b3d13b0
 Begin Bits: [0x0000000011e80000, 0x0000000012e80000)
 End Bits:   [0x0000000012e80000, 0x0000000013e80000)

Polling page: 0x00000000005c0000

CodeCache: size=245760Kb used=1164Kb max_used=1164Kb free=244595Kb
 bounds [0x0000000002550000, 0x00000000027c0000, 0x0000000011550000]
 total_blobs=298 nmethods=53 adapters=160
 compilation: enabled

Compilation events (10 events):
Event: 0.194 Thread 0x0000000014a7e800 nmethod 48 0x000000000266e810 code [0x000000000266e960, 0x000000000266ead0]
Event: 0.195 Thread 0x0000000014a7e800   50       1       java.net.URL::getHost (5 bytes)
Event: 0.195 Thread 0x0000000014a7e800 nmethod 50 0x0000000002671990 code [0x0000000002671ae0, 0x0000000002671bf0]
Event: 0.196 Thread 0x0000000014a7e800   51       3       java.lang.StringBuilder::append (8 bytes)
Event: 0.196 Thread 0x0000000014a7e800 nmethod 51 0x0000000002671c50 code [0x0000000002671dc0, 0x0000000002671f48]
Event: 0.196 Thread 0x0000000014a7e800   52       1       java.net.URL::getProtocol (5 bytes)
Event: 0.196 Thread 0x0000000014a7e800 nmethod 52 0x0000000002671fd0 code [0x0000000002672120, 0x0000000002672230]
Event: 0.199 Thread 0x0000000014a7e800   53       3       java.util.HashMap::getNode (148 bytes)
Event: 0.199 Thread 0x0000000014a7e800 nmethod 53 0x0000000002672910 code [0x0000000002672ae0, 0x0000000002673468]
Event: 0.200 Thread 0x0000000014a7e800   54  s!   3       sun.misc.URLClassPath::getLoader (154 bytes)

GC Heap History (4 events):
Event: 0.102 GC heap before
{Heap before GC invocations=1 (full 0):
 PSYoungGen      total 1024K, used 505K [0x00000000eab00000, 0x00000000eac80000, 0x0000000100000000)
  eden space 512K, 98% used [0x00000000eab00000,0x00000000eab7e4b8,0x00000000eab80000)
  from space 512K, 0% used [0x00000000eac00000,0x00000000eac00000,0x00000000eac80000)
  to   space 512K, 0% used [0x00000000eab80000,0x00000000eab80000,0x00000000eac00000)
 ParOldGen       total 129536K, used 0K [0x00000000c0000000, 0x00000000c7e80000, 0x00000000eab00000)
  object space 129536K, 0% used [0x00000000c0000000,0x00000000c0000000,0x00000000c7e80000)
 Metaspace       used 1835K, capacity 4480K, committed 4480K, reserved 1056768K
  class space    used 204K, capacity 384K, committed 384K, reserved 1048576K
Event: 0.103 GC heap after
Heap after GC invocations=1 (full 0):
 PSYoungGen      total 1024K, used 496K [0x00000000eab00000, 0x00000000eac80000, 0x0000000100000000)
  eden space 512K, 0% used [0x00000000eab00000,0x00000000eab00000,0x00000000eab80000)
  from space 512K, 96% used [0x00000000eab80000,0x00000000eabfc020,0x00000000eac00000)
  to   space 512K, 0% used [0x00000000eac00000,0x00000000eac00000,0x00000000eac80000)
 ParOldGen       total 129536K, used 16K [0x00000000c0000000, 0x00000000c7e80000, 0x00000000eab00000)
  object space 129536K, 0% used [0x00000000c0000000,0x00000000c0004000,0x00000000c7e80000)
 Metaspace       used 1835K, capacity 4480K, committed 4480K, reserved 1056768K
  class space    used 204K, capacity 384K, committed 384K, reserved 1048576K
}
Event: 0.175 GC heap before
{Heap before GC invocations=2 (full 0):
 PSYoungGen      total 1024K, used 995K [0x00000000eab00000, 0x00000000eac80000, 0x0000000100000000)
  eden space 512K, 97% used [0x00000000eab00000,0x00000000eab7cd78,0x00000000eab80000)
  from space 512K, 96% used [0x00000000eab80000,0x00000000eabfc020,0x00000000eac00000)
  to   space 512K, 0% used [0x00000000eac00000,0x00000000eac00000,0x00000000eac80000)
 ParOldGen       total 129536K, used 16K [0x00000000c0000000, 0x00000000c7e80000, 0x00000000eab00000)
  object space 129536K, 0% used [0x00000000c0000000,0x00000000c0004000,0x00000000c7e80000)
 Metaspace       used 2895K, capacity 4486K, committed 4864K, reserved 1056768K
  class space    used 309K, capacity 386K, committed 512K, reserved 1048576K
Event: 0.179 GC heap after
Heap after GC invocations=2 (full 0):
 PSYoungGen      total 1024K, used 485K [0x00000000eab00000, 0x00000000eac80000, 0x0000000100000000)
  eden space 512K, 0% used [0x00000000eab00000,0x00000000eab00000,0x00000000eab80000)
  from space 512K, 94% used [0x00000000eac00000,0x00000000eac79640,0x00000000eac80000)
  to   space 512K, 0% used [0x00000000eab80000,0x00000000eab80000,0x00000000eac00000)
 ParOldGen       total 129536K, used 280K [0x00000000c0000000, 0x00000000c7e80000, 0x00000000eab00000)
  object space 129536K, 0% used [0x00000000c0000000,0x00000000c0046000,0x00000000c7e80000)
 Metaspace       used 2895K, capacity 4486K, committed 4864K, reserved 1056768K
  class space    used 309K, capacity 386K, committed 512K, reserved 1048576K
}

Deoptimization events (0 events):
No events

Internal exceptions (10 events):
Event: 0.191 Thread 0x000000000244d800 Exception <a 'java/security/PrivilegedActionException'> (0x00000000eab30340) thrown at [D:\re\workspace\8-2-build-windows-amd64-cygwin\jdk8u5\2488\hotspot\src\share\vm\prims\jvm.cpp, line 1248]
Event: 0.193 Thread 0x000000000244d800 Exception <a 'java/security/PrivilegedActionException'> (0x00000000eab33ad0) thrown at [D:\re\workspace\8-2-build-windows-amd64-cygwin\jdk8u5\2488\hotspot\src\share\vm\prims\jvm.cpp, line 1248]
Event: 0.194 Thread 0x000000000244d800 Exception <a 'java/security/PrivilegedActionException'> (0x00000000eab3c480) thrown at [D:\re\workspace\8-2-build-windows-amd64-cygwin\jdk8u5\2488\hotspot\src\share\vm\prims\jvm.cpp, line 1248]
Event: 0.194 Thread 0x000000000244d800 Exception <a 'java/security/PrivilegedActionException'> (0x00000000eab40f10) thrown at [D:\re\workspace\8-2-build-windows-amd64-cygwin\jdk8u5\2488\hotspot\src\share\vm\prims\jvm.cpp, line 1248]
Event: 0.195 Thread 0x000000000244d800 Exception <a 'java/security/PrivilegedActionException'> (0x00000000eab431a8) thrown at [D:\re\workspace\8-2-build-windows-amd64-cygwin\jdk8u5\2488\hotspot\src\share\vm\prims\jvm.cpp, line 1248]
Event: 0.195 Thread 0x000000000244d800 Exception <a 'java/security/PrivilegedActionException'> (0x00000000eab451e8) thrown at [D:\re\workspace\8-2-build-windows-amd64-cygwin\jdk8u5\2488\hotspot\src\share\vm\prims\jvm.cpp, line 1248]
Event: 0.197 Thread 0x000000000244d800 Exception <a 'java/security/PrivilegedActionException'> (0x00000000eab47380) thrown at [D:\re\workspace\8-2-build-windows-amd64-cygwin\jdk8u5\2488\hotspot\src\share\vm\prims\jvm.cpp, line 1248]
Event: 0.199 Thread 0x000000000244d800 Exception <a 'java/security/PrivilegedActionException'> (0x00000000eab518f8) thrown at [D:\re\workspace\8-2-build-windows-amd64-cygwin\jdk8u5\2488\hotspot\src\share\vm\prims\jvm.cpp, line 1248]
Event: 0.200 Thread 0x000000000244d800 Exception <a 'java/security/PrivilegedActionException'> (0x00000000eab5bce8) thrown at [D:\re\workspace\8-2-build-windows-amd64-cygwin\jdk8u5\2488\hotspot\src\share\vm\prims\jvm.cpp, line 1248]
Event: 0.200 Thread 0x000000000244d800 Exception <a 'java/security/PrivilegedActionException'> (0x00000000eab60418) thrown at [D:\re\workspace\8-2-build-windows-amd64-cygwin\jdk8u5\2488\hotspot\src\share\vm\prims\jvm.cpp, line 1248]

Events (10 events):
Event: 0.200 loading class com/android/dx/dex/file/Section
Event: 0.200 loading class com/android/dx/dex/file/Section done
Event: 0.200 loading class com/android/dx/dex/file/MixedItemSection
Event: 0.200 loading class com/android/dx/dex/file/MixedItemSection done
Event: 0.201 loading class java/security/NoSuchAlgorithmException
Event: 0.201 loading class java/security/GeneralSecurityException
Event: 0.201 loading class java/security/GeneralSecurityException done
Event: 0.201 loading class java/security/NoSuchAlgorithmException done
Event: 0.201 loading class java/security/DigestException
Event: 0.201 loading class java/security/DigestException done


Dynamic libraries:
0x00007ff7be150000 - 0x00007ff7be184000 	D:\ProgramFiles\Java\jdk1.8.0_05\bin\java.exe
0x00007ffd39560000 - 0x00007ffd39721000 	C:\WINDOWS\SYSTEM32\ntdll.dll
0x00007ffd38cb0000 - 0x00007ffd38d5d000 	C:\WINDOWS\system32\KERNEL32.DLL
0x00007ffd35f10000 - 0x00007ffd360f8000 	C:\WINDOWS\system32\KERNELBASE.dll
0x00007ffd38ba0000 - 0x00007ffd38c47000 	C:\WINDOWS\system32\ADVAPI32.dll
0x00007ffd38d60000 - 0x00007ffd38dfd000 	C:\WINDOWS\system32\msvcrt.dll
0x00007ffd394f0000 - 0x00007ffd3954b000 	C:\WINDOWS\system32\sechost.dll
0x00007ffd36be0000 - 0x00007ffd36cfc000 	C:\WINDOWS\system32\RPCRT4.dll
0x00007ffd38a40000 - 0x00007ffd38b96000 	C:\WINDOWS\system32\USER32.dll
0x00007ffd38420000 - 0x00007ffd385a6000 	C:\WINDOWS\system32\GDI32.dll
0x00007ffd28a50000 - 0x00007ffd28cc4000 	C:\WINDOWS\WinSxS\amd64_microsoft.windows.common-controls_6595b64144ccf1df_6.0.10586.0_none_8c15ae12515e1c22\COMCTL32.dll
0x00007ffd36960000 - 0x00007ffd36bdd000 	C:\WINDOWS\system32\combase.dll
0x00007ffd36810000 - 0x00007ffd3687a000 	C:\WINDOWS\system32\bcryptPrimitives.dll
0x00007ffd39490000 - 0x00007ffd394cb000 	C:\WINDOWS\system32\IMM32.DLL
0x000000005a520000 - 0x000000005a5f2000 	D:\ProgramFiles\Java\jdk1.8.0_05\jre\bin\msvcr100.dll
0x000000005ac20000 - 0x000000005b44a000 	D:\ProgramFiles\Java\jdk1.8.0_05\jre\bin\server\jvm.dll
0x00007ffd39050000 - 0x00007ffd39058000 	C:\WINDOWS\system32\PSAPI.DLL
0x00007ffd34440000 - 0x00007ffd34449000 	C:\WINDOWS\SYSTEM32\WSOCK32.dll
0x00007ffd38f10000 - 0x00007ffd38f7b000 	C:\WINDOWS\system32\WS2_32.dll
0x00007ffd343a0000 - 0x00007ffd343c3000 	C:\WINDOWS\SYSTEM32\WINMM.dll
0x00007ffd34340000 - 0x00007ffd3436c000 	C:\WINDOWS\SYSTEM32\WINMMBASE.dll
0x00007ffd36910000 - 0x00007ffd36953000 	C:\WINDOWS\system32\cfgmgr32.dll
0x000000005ab30000 - 0x000000005ab3f000 	D:\ProgramFiles\Java\jdk1.8.0_05\jre\bin\verify.dll
0x000000005ab00000 - 0x000000005ab28000 	D:\ProgramFiles\Java\jdk1.8.0_05\jre\bin\java.dll
0x000000005aae0000 - 0x000000005aaf6000 	D:\ProgramFiles\Java\jdk1.8.0_05\jre\bin\zip.dll
0x00007ffd36d60000 - 0x00007ffd382bc000 	C:\WINDOWS\system32\SHELL32.dll
0x00007ffd361c0000 - 0x00007ffd36805000 	C:\WINDOWS\system32\windows.storage.dll
0x00007ffd38c50000 - 0x00007ffd38ca2000 	C:\WINDOWS\system32\shlwapi.dll
0x00007ffd35bb0000 - 0x00007ffd35bbf000 	C:\WINDOWS\system32\kernel.appcore.dll
0x00007ffd36100000 - 0x00007ffd361b5000 	C:\WINDOWS\system32\shcore.dll
0x00007ffd35bc0000 - 0x00007ffd35c0b000 	C:\WINDOWS\system32\powrprof.dll
0x00007ffd35b80000 - 0x00007ffd35b94000 	C:\WINDOWS\system32\profapi.dll
0x00007ffd1c410000 - 0x00007ffd1c59c000 	C:\WINDOWS\SYSTEM32\dbghelp.dll

VM Arguments:
jvm_args: -Djava.awt.headless=true -Xmx1024M -Dfile.encoding=GBK -Duser.country=CN -Duser.language=zh -Duser.variant 
java_command: com.android.dx.command.Main --dex --force-jumbo --num-threads=4 --multi-dex --output D:\java\StudioProjects\MyContacts\app\build\intermediates\transforms\dex\debug\folders\1000\10\com.android.support-support-v4-23.3.0_04f291747367822da0fec26af0386fc80856dba6 D:\java\StudioProjects\MyContacts\app\build\intermediates\exploded-aar\com.android.support\support-v4\23.3.0\jars\classes.jar
java_class_path (initial): D:\ProgramFiles\Android\jdk\build-tools\23.0.3\lib\dx.jar
Launcher Type: SUN_STANDARD

Environment Variables:
JAVA_HOME=D:\ProgramFiles\Java\jdk1.8.0_05
PATH=C:\WINDOWS\system32;C:\WINDOWS;C:\WINDOWS\System32\Wbem;C:\WINDOWS\System32\WindowsPowerShell\v1.0\;D:\ProgramFiles\TortoiseSVN\bin;D:\ProgramFiles\Java\jdk1.8.0_05\bin
USERNAME=Administrator
OS=Windows_NT
PROCESSOR_IDENTIFIER=Intel64 Family 6 Model 60 Stepping 3, GenuineIntel



---------------  S Y S T E M  ---------------

OS: Windows 8.1 , 64 bit Build 9600 

CPU:total 2 (2 cores per cpu, 1 threads per core) family 6 model 60 stepping 3, cmov, cx8, fxsr, mmx, sse, sse2, sse3, ssse3, sse4.1, sse4.2, popcnt, clmul, erms, tsc, tscinvbit

Memory: 4k page, physical 8286416k(875472k free), swap 8286416k(1712k free)

vm_info: Java HotSpot(TM) 64-Bit Server VM (25.5-b02) for windows-amd64 JRE (1.8.0_05-b13), built on Mar 18 2014 01:08:39 by "java_re" with MS VC++ 10.0 (VS2010)

time: Sat May 07 13:04:28 2016
elapsed time: 0 seconds

