#
# There is insufficient memory for the Java Runtime Environment to continue.
# Native memory allocation (malloc) failed to allocate 67108880 bytes for Chunk::new
# Possible reasons:
#   The system is out of physical RAM or swap space
#   In 32 bit mode, the process size limit was hit
# Possible solutions:
#   Reduce memory load on the system
#   Increase physical memory or swap space
#   Check if swap backing store is full
#   Use 64 bit Java on a 64 bit OS
#   Decrease Java heap size (-Xmx/-Xms)
#   Decrease number of Java threads
#   Decrease Java thread stack sizes (-Xss)
#   Set larger code cache with -XX:ReservedCodeCacheSize=
# This output file may be truncated or incomplete.
#
#  Out of Memory Error (allocation.cpp:388), pid=31676, tid=31700
#
# JRE version: Java(TM) SE Runtime Environment (8.0_05-b13) (build 1.8.0_05-b13)
# Java VM: Java HotSpot(TM) 64-Bit Server VM (25.5-b02 mixed mode windows-amd64 compressed oops)
# Failed to write core dump. Minidumps are not enabled by default on client versions of Windows
#

---------------  T H R E A D  ---------------

Current thread (0x0000000014aee800):  JavaThread "C2 CompilerThread0" daemon [_thread_in_native, id=31700, stack(0x00000000159d0000,0x0000000015ad0000)]

Stack: [0x00000000159d0000,0x0000000015ad0000]
Native frames: (J=compiled Java code, j=interpreted, Vv=VM code, C=native code)
V  [jvm.dll+0x308dea]
V  [jvm.dll+0x25def1]
V  [jvm.dll+0x25eb0f]
V  [jvm.dll+0x2564e5]
V  [jvm.dll+0xbcfc5]
V  [jvm.dll+0xbd45c]
V  [jvm.dll+0x44e048]
V  [jvm.dll+0x44ef20]
V  [jvm.dll+0x44f1da]
V  [jvm.dll+0x4500bf]
V  [jvm.dll+0x452171]
V  [jvm.dll+0x4545a5]
V  [jvm.dll+0x454f2c]
V  [jvm.dll+0x455273]
V  [jvm.dll+0x4420c3]
V  [jvm.dll+0x44366b]
V  [jvm.dll+0x427532]
V  [jvm.dll+0x96702]
V  [jvm.dll+0x96ef3]
V  [jvm.dll+0x2232c4]
V  [jvm.dll+0x27baca]
C  [msvcr100.dll+0x21d9f]
C  [msvcr100.dll+0x21e3b]
C  [KERNEL32.DLL+0x18102]
C  [ntdll.dll+0x5c5b4]


Current CompileTask:
C2:  11625 2059   !   4       com.android.dx.cf.code.Ropper::processBlock (1101 bytes)


---------------  P R O C E S S  ---------------

Java Threads: ( => current thread )
  0x0000000015ae5000 JavaThread "Service Thread" daemon [_thread_blocked, id=31404, stack(0x0000000015fd0000,0x00000000160d0000)]
  0x0000000015ae2000 JavaThread "C1 CompilerThread1" daemon [_thread_blocked, id=31336, stack(0x0000000015ed0000,0x0000000015fd0000)]
=>0x0000000014aee800 JavaThread "C2 CompilerThread0" daemon [_thread_in_native, id=31700, stack(0x00000000159d0000,0x0000000015ad0000)]
  0x0000000014aec800 JavaThread "Attach Listener" daemon [_thread_blocked, id=29884, stack(0x00000000158d0000,0x00000000159d0000)]
  0x0000000014a43800 JavaThread "Finalizer" daemon [_thread_blocked, id=5760, stack(0x00000000156d0000,0x00000000157d0000)]
  0x0000000014a40000 JavaThread "Reference Handler" daemon [_thread_blocked, id=29324, stack(0x00000000155d0000,0x00000000156d0000)]

Other Threads:
  0x0000000014a3a800 VMThread [stack: 0x00000000154d0000,0x00000000155d0000] [id=26664]

VM state:at safepoint (normal execution)

VM Mutex/Monitor currently owned by a thread:  ([mutex/lock_event])
[0x0000000001ecc420] Threads_lock - owner thread: 0x0000000014a3a800
[0x0000000001ecd120] Heap_lock - owner thread: 0x0000000001ecd800

Heap:
 PSYoungGen      total 109056K, used 36524K [0x00000000eab00000, 0x00000000f4c00000, 0x0000000100000000)
  eden space 95232K, 23% used [0x00000000eab00000,0x00000000ec12ba78,0x00000000f0800000)
  from space 13824K, 99% used [0x00000000f0800000,0x00000000f157f6d8,0x00000000f1580000)
  to   space 20480K, 0% used [0x00000000f3800000,0x00000000f3800000,0x00000000f4c00000)
 ParOldGen       total 129536K, used 65521K [0x00000000c0000000, 0x00000000c7e80000, 0x00000000eab00000)
  object space 129536K, 50% used [0x00000000c0000000,0x00000000c3ffc4f0,0x00000000c7e80000)
 Metaspace       used 6896K, capacity 7512K, committed 7680K, reserved 1056768K
  class space    used 668K, capacity 720K, committed 768K, reserved 1048576K

Card table byte_map: [0x00000000119c0000,0x0000000011bd0000] byte_map_base: 0x00000000113c0000

Marking Bits: (ParMarkBitMap*) 0x0000000067dd13b0
 Begin Bits: [0x0000000011f30000, 0x0000000012f30000)
 End Bits:   [0x0000000012f30000, 0x0000000013f30000)

Polling page: 0x00000000001f0000

CodeCache: size=245760Kb used=9634Kb max_used=9634Kb free=236125Kb
 bounds [0x0000000002600000, 0x0000000002f70000, 0x0000000011600000]
 total_blobs=2894 nmethods=2620 adapters=188
 compilation: enabled

Compilation events (10 events):
Event: 4.947 Thread 0x0000000015ae2000 2674       2       java.lang.Integer::reverseBytes (26 bytes)
Event: 4.947 Thread 0x0000000015ae2000 nmethod 2674 0x0000000002f69a10 code [0x0000000002f69b60, 0x0000000002f69cb0]
Event: 4.948 Thread 0x0000000015ae2000 2675       2       sun.security.provider.SHA::implCompress (491 bytes)
Event: 4.948 Thread 0x0000000015ae2000 nmethod 2675 0x0000000002f69d10 code [0x0000000002f69ee0, 0x0000000002f6a648]
Event: 4.948 Thread 0x0000000015ae2000 2676 %     3       sun.security.provider.SHA::implCompress @ 12 (491 bytes)
Event: 4.949 Thread 0x0000000015ae2000 nmethod 2676% 0x0000000002f6ae90 code [0x0000000002f6b080, 0x0000000002f6b9e8]
Event: 4.949 Thread 0x0000000015ae2000 2677       3       sun.security.provider.SHA::implCompress (491 bytes)
Event: 4.949 Thread 0x0000000015ae2000 nmethod 2677 0x0000000002f6c350 code [0x0000000002f6c540, 0x0000000002f6cde8]
Event: 4.950 Thread 0x0000000015ae2000 2679       2       sun.security.provider.ByteArrayAccess::b2iBig64 (614 bytes)
Event: 4.950 Thread 0x0000000015ae2000 nmethod 2679 0x0000000002f6d650 code [0x0000000002f6d7e0, 0x0000000002f6df08]

GC Heap History (10 events):
Event: 2.495 GC heap before
{Heap before GC invocations=21 (full 0):
 PSYoungGen      total 57344K, used 55120K [0x00000000eab00000, 0x00000000eec80000, 0x0000000100000000)
  eden space 49152K, 100% used [0x00000000eab00000,0x00000000edb00000,0x00000000edb00000)
  from space 8192K, 72% used [0x00000000ee380000,0x00000000ee9543e0,0x00000000eeb80000)
  to   space 8704K, 0% used [0x00000000edb00000,0x00000000edb00000,0x00000000ee380000)
 ParOldGen       total 129536K, used 25158K [0x00000000c0000000, 0x00000000c7e80000, 0x00000000eab00000)
  object space 129536K, 19% used [0x00000000c0000000,0x00000000c1891ae0,0x00000000c7e80000)
 Metaspace       used 6088K, capacity 7024K, committed 7296K, reserved 1056768K
  class space    used 594K, capacity 616K, committed 640K, reserved 1048576K
Event: 2.518 GC heap after
Heap after GC invocations=21 (full 0):
 PSYoungGen      total 57856K, used 8064K [0x00000000eab00000, 0x00000000f0280000, 0x0000000100000000)
  eden space 49152K, 0% used [0x00000000eab00000,0x00000000eab00000,0x00000000edb00000)
  from space 8704K, 92% used [0x00000000edb00000,0x00000000ee2e0010,0x00000000ee380000)
  to   space 10240K, 0% used [0x00000000ef880000,0x00000000ef880000,0x00000000f0280000)
 ParOldGen       total 129536K, used 30650K [0x00000000c0000000, 0x00000000c7e80000, 0x00000000eab00000)
  object space 129536K, 23% used [0x00000000c0000000,0x00000000c1dee8d0,0x00000000c7e80000)
 Metaspace       used 6088K, capacity 7024K, committed 7296K, reserved 1056768K
  class space    used 594K, capacity 616K, committed 640K, reserved 1048576K
}
Event: 2.770 GC heap before
{Heap before GC invocations=22 (full 0):
 PSYoungGen      total 57856K, used 57216K [0x00000000eab00000, 0x00000000f0280000, 0x0000000100000000)
  eden space 49152K, 100% used [0x00000000eab00000,0x00000000edb00000,0x00000000edb00000)
  from space 8704K, 92% used [0x00000000edb00000,0x00000000ee2e0010,0x00000000ee380000)
  to   space 10240K, 0% used [0x00000000ef880000,0x00000000ef880000,0x00000000f0280000)
 ParOldGen       total 129536K, used 30650K [0x00000000c0000000, 0x00000000c7e80000, 0x00000000eab00000)
  object space 129536K, 23% used [0x00000000c0000000,0x00000000c1dee8d0,0x00000000c7e80000)
 Metaspace       used 6183K, capacity 7064K, committed 7424K, reserved 1056768K
  class space    used 614K, capacity 656K, committed 768K, reserved 1048576K
Event: 2.792 GC heap after
Heap after GC invocations=22 (full 0):
 PSYoungGen      total 78848K, used 7520K [0x00000000eab00000, 0x00000000f0380000, 0x0000000100000000)
  eden space 68608K, 0% used [0x00000000eab00000,0x00000000eab00000,0x00000000eee00000)
  from space 10240K, 73% used [0x00000000ef880000,0x00000000effd8000,0x00000000f0280000)
  to   space 10752K, 0% used [0x00000000eee00000,0x00000000eee00000,0x00000000ef880000)
 ParOldGen       total 129536K, used 37978K [0x00000000c0000000, 0x00000000c7e80000, 0x00000000eab00000)
  object space 129536K, 29% used [0x00000000c0000000,0x00000000c2516a68,0x00000000c7e80000)
 Metaspace       used 6183K, capacity 7064K, committed 7424K, reserved 1056768K
  class space    used 614K, capacity 656K, committed 768K, reserved 1048576K
}
Event: 3.125 GC heap before
{Heap before GC invocations=23 (full 0):
 PSYoungGen      total 78848K, used 76128K [0x00000000eab00000, 0x00000000f0380000, 0x0000000100000000)
  eden space 68608K, 100% used [0x00000000eab00000,0x00000000eee00000,0x00000000eee00000)
  from space 10240K, 73% used [0x00000000ef880000,0x00000000effd8000,0x00000000f0280000)
  to   space 10752K, 0% used [0x00000000eee00000,0x00000000eee00000,0x00000000ef880000)
 ParOldGen       total 129536K, used 37978K [0x00000000c0000000, 0x00000000c7e80000, 0x00000000eab00000)
  object space 129536K, 29% used [0x00000000c0000000,0x00000000c2516a68,0x00000000c7e80000)
 Metaspace       used 6189K, capacity 7064K, committed 7424K, reserved 1056768K
  class space    used 614K, capacity 656K, committed 768K, reserved 1048576K
Event: 3.186 GC heap after
Heap after GC invocations=23 (full 0):
 PSYoungGen      total 79360K, used 10426K [0x00000000eab00000, 0x00000000f2200000, 0x0000000100000000)
  eden space 68608K, 0% used [0x00000000eab00000,0x00000000eab00000,0x00000000eee00000)
  from space 10752K, 96% used [0x00000000eee00000,0x00000000ef82e978,0x00000000ef880000)
  to   space 12800K, 0% used [0x00000000f1580000,0x00000000f1580000,0x00000000f2200000)
 ParOldGen       total 129536K, used 45118K [0x00000000c0000000, 0x00000000c7e80000, 0x00000000eab00000)
  object space 129536K, 34% used [0x00000000c0000000,0x00000000c2c0fa30,0x00000000c7e80000)
 Metaspace       used 6189K, capacity 7064K, committed 7424K, reserved 1056768K
  class space    used 614K, capacity 656K, committed 768K, reserved 1048576K
}
Event: 3.453 GC heap before
{Heap before GC invocations=24 (full 0):
 PSYoungGen      total 79360K, used 79034K [0x00000000eab00000, 0x00000000f2200000, 0x0000000100000000)
  eden space 68608K, 100% used [0x00000000eab00000,0x00000000eee00000,0x00000000eee00000)
  from space 10752K, 96% used [0x00000000eee00000,0x00000000ef82e978,0x00000000ef880000)
  to   space 12800K, 0% used [0x00000000f1580000,0x00000000f1580000,0x00000000f2200000)
 ParOldGen       total 129536K, used 45118K [0x00000000c0000000, 0x00000000c7e80000, 0x00000000eab00000)
  object space 129536K, 34% used [0x00000000c0000000,0x00000000c2c0fa30,0x00000000c7e80000)
 Metaspace       used 6194K, capacity 7064K, committed 7424K, reserved 1056768K
  class space    used 614K, capacity 656K, committed 768K, reserved 1048576K
Event: 3.479 GC heap after
Heap after GC invocations=24 (full 0):
 PSYoungGen      total 108032K, used 9947K [0x00000000eab00000, 0x00000000f2400000, 0x0000000100000000)
  eden space 95232K, 0% used [0x00000000eab00000,0x00000000eab00000,0x00000000f0800000)
  from space 12800K, 77% used [0x00000000f1580000,0x00000000f1f36c88,0x00000000f2200000)
  to   space 13824K, 0% used [0x00000000f0800000,0x00000000f0800000,0x00000000f1580000)
 ParOldGen       total 129536K, used 54428K [0x00000000c0000000, 0x00000000c7e80000, 0x00000000eab00000)
  object space 129536K, 42% used [0x00000000c0000000,0x00000000c3527270,0x00000000c7e80000)
 Metaspace       used 6194K, capacity 7064K, committed 7424K, reserved 1056768K
  class space    used 614K, capacity 656K, committed 768K, reserved 1048576K
}
Event: 4.279 GC heap before
{Heap before GC invocations=25 (full 0):
 PSYoungGen      total 108032K, used 105179K [0x00000000eab00000, 0x00000000f2400000, 0x0000000100000000)
  eden space 95232K, 100% used [0x00000000eab00000,0x00000000f0800000,0x00000000f0800000)
  from space 12800K, 77% used [0x00000000f1580000,0x00000000f1f36c88,0x00000000f2200000)
  to   space 13824K, 0% used [0x00000000f0800000,0x00000000f0800000,0x00000000f1580000)
 ParOldGen       total 129536K, used 54428K [0x00000000c0000000, 0x00000000c7e80000, 0x00000000eab00000)
  object space 129536K, 42% used [0x00000000c0000000,0x00000000c3527270,0x00000000c7e80000)
 Metaspace       used 6471K, capacity 7352K, committed 7680K, reserved 1056768K
  class space    used 632K, capacity 688K, committed 768K, reserved 1048576K
Event: 4.350 GC heap after
Heap after GC invocations=25 (full 0):
 PSYoungGen      total 109056K, used 13821K [0x00000000eab00000, 0x00000000f4c00000, 0x0000000100000000)
  eden space 95232K, 0% used [0x00000000eab00000,0x00000000eab00000,0x00000000f0800000)
  from space 13824K, 99% used [0x00000000f0800000,0x00000000f157f6d8,0x00000000f1580000)
  to   space 20480K, 0% used [0x00000000f3800000,0x00000000f3800000,0x00000000f4c00000)
 ParOldGen       total 129536K, used 65521K [0x00000000c0000000, 0x00000000c7e80000, 0x00000000eab00000)
  object space 129536K, 50% used [0x00000000c0000000,0x00000000c3ffc4f0,0x00000000c7e80000)
 Metaspace       used 6471K, capacity 7352K, committed 7680K, reserved 1056768K
  class space    used 632K, capacity 688K, committed 768K, reserved 1048576K
}

Deoptimization events (10 events):
Event: 3.640 Thread 0x0000000015dd0800 Uncommon trap: reason=unreached action=reinterpret pc=0x0000000002ce899c method=java.util.HashMap.resize()[Ljava/util/HashMap$Node; @ 206
Event: 3.881 Thread 0x0000000015de9800 Uncommon trap: reason=class_check action=maybe_recompile pc=0x0000000002a2bc60 method=java.util.Arrays.hashCode([Ljava/lang/Object;)I @ 43
Event: 3.881 Thread 0x0000000015de9800 Uncommon trap: reason=class_check action=maybe_recompile pc=0x0000000002a2bc60 method=java.util.Arrays.hashCode([Ljava/lang/Object;)I @ 43
Event: 3.881 Thread 0x0000000015de9800 Uncommon trap: reason=class_check action=maybe_recompile pc=0x0000000002a2bc60 method=java.util.Arrays.hashCode([Ljava/lang/Object;)I @ 43
Event: 3.881 Thread 0x0000000015de9800 Uncommon trap: reason=class_check action=maybe_recompile pc=0x0000000002a2bc60 method=java.util.Arrays.hashCode([Ljava/lang/Object;)I @ 43
Event: 3.881 Thread 0x0000000015de9800 Uncommon trap: reason=class_check action=maybe_recompile pc=0x0000000002a29400 method=java.util.Arrays.hashCode([Ljava/lang/Object;)I @ 43
Event: 4.940 Thread 0x0000000015de9800 Uncommon trap: reason=unreached action=reinterpret pc=0x00000000029bf4e0 method=java.util.Arrays.copyOf([Ljava/lang/Object;ILjava/lang/Class;)[Ljava/lang/Object; @ 3
Event: 4.941 Thread 0x0000000015de9800 Uncommon trap: reason=class_check action=maybe_recompile pc=0x0000000002d69d38 method=java.util.HashMap.putVal(ILjava/lang/Object;Ljava/lang/Object;ZZ)Ljava/lang/Object; @ 56
Event: 4.941 Thread 0x0000000015de9800 Uncommon trap: reason=class_check action=maybe_recompile pc=0x0000000002d69d70 method=java.util.HashMap.putVal(ILjava/lang/Object;Ljava/lang/Object;ZZ)Ljava/lang/Object; @ 152
Event: 4.941 Thread 0x0000000015de9800 Uncommon trap: reason=class_check action=maybe_recompile pc=0x0000000002d69d38 method=java.util.HashMap.putVal(ILjava/lang/Object;Ljava/lang/Object;ZZ)Ljava/lang/Object; @ 56

Internal exceptions (10 events):
Event: 4.131 Thread 0x0000000015de9800 Exception <a 'java/security/PrivilegedActionException'> (0x00000000f039f6c0) thrown at [D:\re\workspace\8-2-build-windows-amd64-cygwin\jdk8u5\2488\hotspot\src\share\vm\prims\jvm.cpp, line 1248]
Event: 4.132 Thread 0x0000000015de9800 Exception <a 'java/security/PrivilegedActionException'> (0x00000000f03a2b58) thrown at [D:\re\workspace\8-2-build-windows-amd64-cygwin\jdk8u5\2488\hotspot\src\share\vm\prims\jvm.cpp, line 1248]
Event: 4.147 Thread 0x0000000015de9800 Exception <a 'java/security/PrivilegedActionException'> (0x00000000f03cb4a0) thrown at [D:\re\workspace\8-2-build-windows-amd64-cygwin\jdk8u5\2488\hotspot\src\share\vm\prims\jvm.cpp, line 1248]
Event: 4.535 Thread 0x0000000015de9800 Exception <a 'java/security/PrivilegedActionException'> (0x00000000eb407968) thrown at [D:\re\workspace\8-2-build-windows-amd64-cygwin\jdk8u5\2488\hotspot\src\share\vm\prims\jvm.cpp, line 1248]
Event: 4.536 Thread 0x0000000015de9800 Exception <a 'java/security/PrivilegedActionException'> (0x00000000eb4139f0) thrown at [D:\re\workspace\8-2-build-windows-amd64-cygwin\jdk8u5\2488\hotspot\src\share\vm\prims\jvm.cpp, line 1248]
Event: 4.537 Thread 0x0000000015de9800 Exception <a 'java/security/PrivilegedActionException'> (0x00000000eb416618) thrown at [D:\re\workspace\8-2-build-windows-amd64-cygwin\jdk8u5\2488\hotspot\src\share\vm\prims\jvm.cpp, line 1248]
Event: 4.598 Thread 0x0000000015de9800 Exception <a 'java/security/PrivilegedActionException'> (0x00000000ebd19470) thrown at [D:\re\workspace\8-2-build-windows-amd64-cygwin\jdk8u5\2488\hotspot\src\share\vm\prims\jvm.cpp, line 1248]
Event: 4.623 Thread 0x0000000015de9800 Exception <a 'java/security/PrivilegedActionException'> (0x00000000ebf42170) thrown at [D:\re\workspace\8-2-build-windows-amd64-cygwin\jdk8u5\2488\hotspot\src\share\vm\prims\jvm.cpp, line 1248]
Event: 4.631 Thread 0x0000000015de9800 Exception <a 'java/security/PrivilegedActionException'> (0x00000000ebf47d08) thrown at [D:\re\workspace\8-2-build-windows-amd64-cygwin\jdk8u5\2488\hotspot\src\share\vm\prims\jvm.cpp, line 1248]
Event: 4.930 Thread 0x0000000015de9800 Exception <a 'java/security/PrivilegedActionException'> (0x00000000ebf55540) thrown at [D:\re\workspace\8-2-build-windows-amd64-cygwin\jdk8u5\2488\hotspot\src\share\vm\prims\jvm.cpp, line 1248]

Events (10 events):
Event: 5.020 loading class java/io/FileOutputStream$1 done
Event: 5.020 Thread 0x0000000001ecd800 Thread exited: 0x0000000001ecd800
Event: 5.020 Thread 0x0000000001ecd800 Thread added: 0x0000000001ecd800
Event: 5.020 loading class java/lang/Shutdown
Event: 5.020 loading class java/lang/Shutdown done
Event: 5.020 loading class java/lang/Shutdown$Lock
Event: 5.020 loading class java/lang/Shutdown$Lock done
Event: 5.020 Thread 0x0000000014a9e800 Thread exited: 0x0000000014a9e800
Event: 5.020 Thread 0x0000000001ecd800 Thread exited: 0x0000000001ecd800
Event: 5.020 Thread 0x0000000015de9800 Thread exited: 0x0000000015de9800


Dynamic libraries:
0x00007ff7b66e0000 - 0x00007ff7b6714000 	D:\ProgramFiles\Java\jdk1.8.0_05\bin\java.exe
0x00007ff803b30000 - 0x00007ff803cf1000 	C:\WINDOWS\SYSTEM32\ntdll.dll
0x00007ff803120000 - 0x00007ff8031cd000 	C:\WINDOWS\system32\KERNEL32.DLL
0x00007ff800400000 - 0x00007ff8005e8000 	C:\WINDOWS\system32\KERNELBASE.dll
0x00007ff8027c0000 - 0x00007ff802867000 	C:\WINDOWS\system32\ADVAPI32.dll
0x00007ff802c60000 - 0x00007ff802cfd000 	C:\WINDOWS\system32\msvcrt.dll
0x00007ff802710000 - 0x00007ff80276b000 	C:\WINDOWS\system32\sechost.dll
0x00007ff802b40000 - 0x00007ff802c5c000 	C:\WINDOWS\system32\RPCRT4.dll
0x00007ff802d00000 - 0x00007ff802e56000 	C:\WINDOWS\system32\USER32.dll
0x00007ff802f80000 - 0x00007ff803106000 	C:\WINDOWS\system32\GDI32.dll
0x00007ffff3450000 - 0x00007ffff36c4000 	C:\WINDOWS\WinSxS\amd64_microsoft.windows.common-controls_6595b64144ccf1df_6.0.10586.0_none_8c15ae12515e1c22\COMCTL32.dll
0x00007ff803770000 - 0x00007ff8039ed000 	C:\WINDOWS\system32\combase.dll
0x00007ff800650000 - 0x00007ff8006ba000 	C:\WINDOWS\system32\bcryptPrimitives.dll
0x00007ff802780000 - 0x00007ff8027bb000 	C:\WINDOWS\system32\IMM32.DLL
0x0000000067400000 - 0x00000000674d2000 	D:\ProgramFiles\Java\jdk1.8.0_05\jre\bin\msvcr100.dll
0x0000000067620000 - 0x0000000067e4a000 	D:\ProgramFiles\Java\jdk1.8.0_05\jre\bin\server\jvm.dll
0x00007ff802770000 - 0x00007ff802778000 	C:\WINDOWS\system32\PSAPI.DLL
0x00007ffff9230000 - 0x00007ffff9239000 	C:\WINDOWS\SYSTEM32\WSOCK32.dll
0x00007ff803ac0000 - 0x00007ff803b2b000 	C:\WINDOWS\system32\WS2_32.dll
0x00007ffffe390000 - 0x00007ffffe3b3000 	C:\WINDOWS\SYSTEM32\WINMM.dll
0x00007ffffe360000 - 0x00007ffffe38c000 	C:\WINDOWS\SYSTEM32\WINMMBASE.dll
0x00007ff8001e0000 - 0x00007ff800223000 	C:\WINDOWS\system32\cfgmgr32.dll
0x0000000068160000 - 0x000000006816f000 	D:\ProgramFiles\Java\jdk1.8.0_05\jre\bin\verify.dll
0x0000000068130000 - 0x0000000068158000 	D:\ProgramFiles\Java\jdk1.8.0_05\jre\bin\java.dll
0x0000000068110000 - 0x0000000068126000 	D:\ProgramFiles\Java\jdk1.8.0_05\jre\bin\zip.dll
0x00007ff800fa0000 - 0x00007ff8024fc000 	C:\WINDOWS\system32\SHELL32.dll
0x00007ff8006c0000 - 0x00007ff800d05000 	C:\WINDOWS\system32\windows.storage.dll
0x00007ff802f20000 - 0x00007ff802f72000 	C:\WINDOWS\system32\shlwapi.dll
0x00007ff8001d0000 - 0x00007ff8001df000 	C:\WINDOWS\system32\kernel.appcore.dll
0x00007ff800de0000 - 0x00007ff800e95000 	C:\WINDOWS\system32\shcore.dll
0x00007ff800180000 - 0x00007ff8001cb000 	C:\WINDOWS\system32\powrprof.dll
0x00007ff800160000 - 0x00007ff800174000 	C:\WINDOWS\system32\profapi.dll
0x00007fffe3f40000 - 0x00007fffe40cc000 	C:\WINDOWS\SYSTEM32\dbghelp.dll

VM Arguments:
jvm_args: -Djava.awt.headless=true -Xmx1024M -Dfile.encoding=GBK -Duser.country=CN -Duser.language=zh -Duser.variant 
java_command: com.android.dx.command.Main --dex --force-jumbo --num-threads=4 --multi-dex --output D:\java\StudioProjects\MyContacts\app\build\intermediates\transforms\dex\debug\folders\1000\10\com.android.support-support-v4-23.3.0_04f291747367822da0fec26af0386fc80856dba6 D:\java\StudioProjects\MyContacts\app\build\intermediates\exploded-aar\com.android.support\support-v4\23.3.0\jars\classes.jar
java_class_path (initial): D:\ProgramFiles\Android\jdk\build-tools\23.0.3\lib\dx.jar
Launcher Type: SUN_STANDARD

Environment Variables:
JAVA_HOME=D:\ProgramFiles\Java\jdk1.8.0_05
PATH=C:\WINDOWS\system32;C:\WINDOWS;C:\WINDOWS\System32\Wbem;C:\WINDOWS\System32\WindowsPowerShell\v1.0\;D:\ProgramFiles\TortoiseSVN\bin;D:\ProgramFiles\Java\jdk1.8.0_05\bin
USERNAME=Administrator
OS=Windows_NT
PROCESSOR_IDENTIFIER=Intel64 Family 6 Model 60 Stepping 3, GenuineIntel



---------------  S Y S T E M  ---------------

OS: Windows 8.1 , 64 bit Build 9600 

CPU:total 2 (2 cores per cpu, 1 threads per core) family 6 model 60 stepping 3, cmov, cx8, fxsr, mmx, sse, sse2, sse3, ssse3, sse4.1, sse4.2, popcnt, clmul, erms, tsc, tscinvbit

Memory: 4k page, physical 8286416k(1229160k free), swap 8286416k(42920k free)

vm_info: Java HotSpot(TM) 64-Bit Server VM (25.5-b02) for windows-amd64 JRE (1.8.0_05-b13), built on Mar 18 2014 01:08:39 by "java_re" with MS VC++ 10.0 (VS2010)

time: Tue Apr 26 17:57:10 2016
elapsed time: 11 seconds

