#
# There is insufficient memory for the Java Runtime Environment to continue.
# Native memory allocation (malloc) failed to allocate 1071856 bytes for Chunk::new
# Possible reasons:
#   The system is out of physical RAM or swap space
#   In 32 bit mode, the process size limit was hit
# Possible solutions:
#   Reduce memory load on the system
#   Increase physical memory or swap space
#   Check if swap backing store is full
#   Use 64 bit Java on a 64 bit OS
#   Decrease Java heap size (-Xmx/-Xms)
#   Decrease number of Java threads
#   Decrease Java thread stack sizes (-Xss)
#   Set larger code cache with -XX:ReservedCodeCacheSize=
# This output file may be truncated or incomplete.
#
#  Out of Memory Error (allocation.cpp:388), pid=47856, tid=47812
#
# JRE version: Java(TM) SE Runtime Environment (8.0_05-b13) (build 1.8.0_05-b13)
# Java VM: Java HotSpot(TM) 64-Bit Server VM (25.5-b02 mixed mode windows-amd64 compressed oops)
# Failed to write core dump. Minidumps are not enabled by default on client versions of Windows
#

---------------  T H R E A D  ---------------

Current thread (0x0000000014b9f800):  JavaThread "C2 CompilerThread0" daemon [_thread_in_native, id=47812, stack(0x0000000015a70000,0x0000000015b70000)]

Stack: [0x0000000015a70000,0x0000000015b70000]
Native frames: (J=compiled Java code, j=interpreted, Vv=VM code, C=native code)
V  [jvm.dll+0x308dea]
V  [jvm.dll+0x25def1]
V  [jvm.dll+0x25eb0f]
V  [jvm.dll+0x2564e5]
V  [jvm.dll+0xbcfc5]
V  [jvm.dll+0xbd45c]
V  [jvm.dll+0x468bac]
V  [jvm.dll+0x436244]
V  [jvm.dll+0x44111e]
V  [jvm.dll+0x4436a9]
V  [jvm.dll+0x427532]
V  [jvm.dll+0x96702]
V  [jvm.dll+0x96ef3]
V  [jvm.dll+0x2232c4]
V  [jvm.dll+0x27baca]
C  [msvcr100.dll+0x21d9f]
C  [msvcr100.dll+0x21e3b]
C  [KERNEL32.DLL+0x18102]
C  [ntdll.dll+0x5c5b4]


Current CompileTask:
C2:   4722 1799   !   4       com.android.dx.cf.code.Ropper::processBlock (1101 bytes)


---------------  P R O C E S S  ---------------

Java Threads: ( => current thread )
  0x0000000015e40800 JavaThread "pool-1-thread-4" [_thread_blocked, id=47984, stack(0x0000000016e70000,0x0000000016f70000)]
  0x0000000015e3d800 JavaThread "pool-1-thread-3" [_thread_blocked, id=48000, stack(0x0000000016d70000,0x0000000016e70000)]
  0x0000000015da0800 JavaThread "pool-1-thread-2" [_thread_in_Java, id=48008, stack(0x0000000016c70000,0x0000000016d70000)]
  0x0000000015da0000 JavaThread "pool-2-thread-1" [_thread_blocked, id=47864, stack(0x0000000016b70000,0x0000000016c70000)]
  0x0000000015f6e000 JavaThread "pool-1-thread-1" [_thread_blocked, id=47884, stack(0x0000000016a70000,0x0000000016b70000)]
  0x0000000015b85800 JavaThread "Service Thread" daemon [_thread_blocked, id=47756, stack(0x0000000016070000,0x0000000016170000)]
  0x0000000015b82800 JavaThread "C1 CompilerThread1" daemon [_thread_blocked, id=47604, stack(0x0000000015f70000,0x0000000016070000)]
=>0x0000000014b9f800 JavaThread "C2 CompilerThread0" daemon [_thread_in_native, id=47812, stack(0x0000000015a70000,0x0000000015b70000)]
  0x0000000014b9d800 JavaThread "Attach Listener" daemon [_thread_blocked, id=47720, stack(0x0000000015970000,0x0000000015a70000)]
  0x0000000014b4f800 JavaThread "Signal Dispatcher" daemon [_thread_blocked, id=47724, stack(0x0000000015870000,0x0000000015970000)]
  0x0000000014af3800 JavaThread "Finalizer" daemon [_thread_blocked, id=47844, stack(0x0000000015770000,0x0000000015870000)]
  0x0000000014aee800 JavaThread "Reference Handler" daemon [_thread_blocked, id=47580, stack(0x0000000015670000,0x0000000015770000)]
  0x00000000025b0800 JavaThread "main" [_thread_blocked, id=47784, stack(0x0000000002360000,0x0000000002460000)]

Other Threads:
  0x0000000014aea800 VMThread [stack: 0x0000000015570000,0x0000000015670000] [id=47608]
  0x0000000015b86800 WatcherThread [stack: 0x0000000016170000,0x0000000016270000] [id=47612]

VM state:not at safepoint (normal execution)

VM Mutex/Monitor currently owned by a thread: None

Heap:
 PSYoungGen      total 30720K, used 27398K [0x00000000eab00000, 0x00000000ecc80000, 0x0000000100000000)
  eden space 27136K, 87% used [0x00000000eab00000,0x00000000ec241968,0x00000000ec580000)
  from space 3584K, 100% used [0x00000000ec580000,0x00000000ec900000,0x00000000ec900000)
  to   space 3584K, 0% used [0x00000000ec900000,0x00000000ec900000,0x00000000ecc80000)
 ParOldGen       total 129536K, used 29250K [0x00000000c0000000, 0x00000000c7e80000, 0x00000000eab00000)
  object space 129536K, 22% used [0x00000000c0000000,0x00000000c1c90938,0x00000000c7e80000)
 Metaspace       used 6151K, capacity 7064K, committed 7424K, reserved 1056768K
  class space    used 614K, capacity 656K, committed 768K, reserved 1048576K

Card table byte_map: [0x0000000011a70000,0x0000000011c80000] byte_map_base: 0x0000000011470000

Marking Bits: (ParMarkBitMap*) 0x0000000067e813b0
 Begin Bits: [0x0000000011fe0000, 0x0000000012fe0000)
 End Bits:   [0x0000000012fe0000, 0x0000000013fe0000)

Polling page: 0x00000000001f0000

CodeCache: size=245760Kb used=7226Kb max_used=7226Kb free=238533Kb
 bounds [0x00000000026b0000, 0x0000000002dd0000, 0x00000000116b0000]
 total_blobs=2076 nmethods=1810 adapters=180
 compilation: enabled

Compilation events (10 events):
Event: 4.615 Thread 0x0000000015b82800 1870   !   2       com.android.dx.dex.cf.CfTranslator::translate (44 bytes)
Event: 4.615 Thread 0x0000000015b82800 nmethod 1870 0x0000000002dbfd50 code [0x0000000002dbff00, 0x0000000002dc02a8]
Event: 4.622 Thread 0x0000000015b82800 1871   !   2       java.util.concurrent.LinkedBlockingQueue::offer (130 bytes)
Event: 4.623 Thread 0x0000000015b82800 nmethod 1871 0x0000000002dc0550 code [0x0000000002dc0760, 0x0000000002dc0de8]
Event: 4.624 Thread 0x0000000015b82800 1872   !   2       com.android.dx.cf.direct.DirectClassFile::parse (75 bytes)
Event: 4.624 Thread 0x0000000015b82800 nmethod 1872 0x0000000002dc15d0 code [0x0000000002dc17c0, 0x0000000002dc1e38]
Event: 4.625 Thread 0x0000000015b82800 1873   !   2       java.util.concurrent.ArrayBlockingQueue::offer (55 bytes)
Event: 4.626 Thread 0x0000000015b82800 nmethod 1873 0x0000000002dc2210 code [0x0000000002dc23c0, 0x0000000002dc26f8]
Event: 4.626 Thread 0x0000000015b82800 1874       2       java.util.concurrent.locks.ReentrantLock$FairSync::lock (6 bytes)
Event: 4.626 Thread 0x0000000015b82800 nmethod 1874 0x0000000002dc2a10 code [0x0000000002dc2ba0, 0x0000000002dc2db8]

GC Heap History (10 events):
Event: 3.199 GC heap before
{Heap before GC invocations=17 (full 0):
 PSYoungGen      total 30720K, used 29820K [0x00000000eab00000, 0x00000000ecc80000, 0x0000000100000000)
  eden space 27136K, 100% used [0x00000000eab00000,0x00000000ec580000,0x00000000ec580000)
  from space 3584K, 74% used [0x00000000ec900000,0x00000000ecb9f130,0x00000000ecc80000)
  to   space 3584K, 0% used [0x00000000ec580000,0x00000000ec580000,0x00000000ec900000)
 ParOldGen       total 129536K, used 10376K [0x00000000c0000000, 0x00000000c7e80000, 0x00000000eab00000)
  object space 129536K, 8% used [0x00000000c0000000,0x00000000c0a22048,0x00000000c7e80000)
 Metaspace       used 5994K, capacity 6960K, committed 7040K, reserved 1056768K
  class space    used 595K, capacity 616K, committed 640K, reserved 1048576K
Event: 3.234 GC heap after
Heap after GC invocations=17 (full 0):
 PSYoungGen      total 30720K, used 3568K [0x00000000eab00000, 0x00000000ecc80000, 0x0000000100000000)
  eden space 27136K, 0% used [0x00000000eab00000,0x00000000eab00000,0x00000000ec580000)
  from space 3584K, 99% used [0x00000000ec580000,0x00000000ec8fc230,0x00000000ec900000)
  to   space 3584K, 0% used [0x00000000ec900000,0x00000000ec900000,0x00000000ecc80000)
 ParOldGen       total 129536K, used 13843K [0x00000000c0000000, 0x00000000c7e80000, 0x00000000eab00000)
  object space 129536K, 10% used [0x00000000c0000000,0x00000000c0d84c30,0x00000000c7e80000)
 Metaspace       used 5994K, capacity 6960K, committed 7040K, reserved 1056768K
  class space    used 595K, capacity 616K, committed 640K, reserved 1048576K
}
Event: 3.489 GC heap before
{Heap before GC invocations=18 (full 0):
 PSYoungGen      total 30720K, used 30704K [0x00000000eab00000, 0x00000000ecc80000, 0x0000000100000000)
  eden space 27136K, 100% used [0x00000000eab00000,0x00000000ec580000,0x00000000ec580000)
  from space 3584K, 99% used [0x00000000ec580000,0x00000000ec8fc230,0x00000000ec900000)
  to   space 3584K, 0% used [0x00000000ec900000,0x00000000ec900000,0x00000000ecc80000)
 ParOldGen       total 129536K, used 13843K [0x00000000c0000000, 0x00000000c7e80000, 0x00000000eab00000)
  object space 129536K, 10% used [0x00000000c0000000,0x00000000c0d84c30,0x00000000c7e80000)
 Metaspace       used 6007K, capacity 6960K, committed 7040K, reserved 1056768K
  class space    used 595K, capacity 616K, committed 640K, reserved 1048576K
Event: 3.627 GC heap after
Heap after GC invocations=18 (full 0):
 PSYoungGen      total 30720K, used 3584K [0x00000000eab00000, 0x00000000ecc80000, 0x0000000100000000)
  eden space 27136K, 0% used [0x00000000eab00000,0x00000000eab00000,0x00000000ec580000)
  from space 3584K, 100% used [0x00000000ec900000,0x00000000ecc80000,0x00000000ecc80000)
  to   space 3584K, 0% used [0x00000000ec580000,0x00000000ec580000,0x00000000ec900000)
 ParOldGen       total 129536K, used 17765K [0x00000000c0000000, 0x00000000c7e80000, 0x00000000eab00000)
  object space 129536K, 13% used [0x00000000c0000000,0x00000000c11596c8,0x00000000c7e80000)
 Metaspace       used 6007K, capacity 6960K, committed 7040K, reserved 1056768K
  class space    used 595K, capacity 616K, committed 640K, reserved 1048576K
}
Event: 3.833 GC heap before
{Heap before GC invocations=19 (full 0):
 PSYoungGen      total 30720K, used 30720K [0x00000000eab00000, 0x00000000ecc80000, 0x0000000100000000)
  eden space 27136K, 100% used [0x00000000eab00000,0x00000000ec580000,0x00000000ec580000)
  from space 3584K, 100% used [0x00000000ec900000,0x00000000ecc80000,0x00000000ecc80000)
  to   space 3584K, 0% used [0x00000000ec580000,0x00000000ec580000,0x00000000ec900000)
 ParOldGen       total 129536K, used 17765K [0x00000000c0000000, 0x00000000c7e80000, 0x00000000eab00000)
  object space 129536K, 13% used [0x00000000c0000000,0x00000000c11596c8,0x00000000c7e80000)
 Metaspace       used 6099K, capacity 7000K, committed 7168K, reserved 1056768K
  class space    used 614K, capacity 656K, committed 768K, reserved 1048576K
Event: 3.846 GC heap after
Heap after GC invocations=19 (full 0):
 PSYoungGen      total 30720K, used 3556K [0x00000000eab00000, 0x00000000ecc80000, 0x0000000100000000)
  eden space 27136K, 0% used [0x00000000eab00000,0x00000000eab00000,0x00000000ec580000)
  from space 3584K, 99% used [0x00000000ec580000,0x00000000ec8f9180,0x00000000ec900000)
  to   space 3584K, 0% used [0x00000000ec900000,0x00000000ec900000,0x00000000ecc80000)
 ParOldGen       total 129536K, used 21629K [0x00000000c0000000, 0x00000000c7e80000, 0x00000000eab00000)
  object space 129536K, 16% used [0x00000000c0000000,0x00000000c151f760,0x00000000c7e80000)
 Metaspace       used 6099K, capacity 7000K, committed 7168K, reserved 1056768K
  class space    used 614K, capacity 656K, committed 768K, reserved 1048576K
}
Event: 4.086 GC heap before
{Heap before GC invocations=20 (full 0):
 PSYoungGen      total 30720K, used 30692K [0x00000000eab00000, 0x00000000ecc80000, 0x0000000100000000)
  eden space 27136K, 100% used [0x00000000eab00000,0x00000000ec580000,0x00000000ec580000)
  from space 3584K, 99% used [0x00000000ec580000,0x00000000ec8f9180,0x00000000ec900000)
  to   space 3584K, 0% used [0x00000000ec900000,0x00000000ec900000,0x00000000ecc80000)
 ParOldGen       total 129536K, used 21629K [0x00000000c0000000, 0x00000000c7e80000, 0x00000000eab00000)
  object space 129536K, 16% used [0x00000000c0000000,0x00000000c151f760,0x00000000c7e80000)
 Metaspace       used 6104K, capacity 7000K, committed 7168K, reserved 1056768K
  class space    used 614K, capacity 656K, committed 768K, reserved 1048576K
Event: 4.095 GC heap after
Heap after GC invocations=20 (full 0):
 PSYoungGen      total 30720K, used 3552K [0x00000000eab00000, 0x00000000ecc80000, 0x0000000100000000)
  eden space 27136K, 0% used [0x00000000eab00000,0x00000000eab00000,0x00000000ec580000)
  from space 3584K, 99% used [0x00000000ec900000,0x00000000ecc78010,0x00000000ecc80000)
  to   space 3584K, 0% used [0x00000000ec580000,0x00000000ec580000,0x00000000ec900000)
 ParOldGen       total 129536K, used 25429K [0x00000000c0000000, 0x00000000c7e80000, 0x00000000eab00000)
  object space 129536K, 19% used [0x00000000c0000000,0x00000000c18d5680,0x00000000c7e80000)
 Metaspace       used 6104K, capacity 7000K, committed 7168K, reserved 1056768K
  class space    used 614K, capacity 656K, committed 768K, reserved 1048576K
}
Event: 4.440 GC heap before
{Heap before GC invocations=21 (full 0):
 PSYoungGen      total 30720K, used 30688K [0x00000000eab00000, 0x00000000ecc80000, 0x0000000100000000)
  eden space 27136K, 100% used [0x00000000eab00000,0x00000000ec580000,0x00000000ec580000)
  from space 3584K, 99% used [0x00000000ec900000,0x00000000ecc78010,0x00000000ecc80000)
  to   space 3584K, 0% used [0x00000000ec580000,0x00000000ec580000,0x00000000ec900000)
 ParOldGen       total 129536K, used 25429K [0x00000000c0000000, 0x00000000c7e80000, 0x00000000eab00000)
  object space 129536K, 19% used [0x00000000c0000000,0x00000000c18d5680,0x00000000c7e80000)
 Metaspace       used 6118K, capacity 7000K, committed 7168K, reserved 1056768K
  class space    used 614K, capacity 656K, committed 768K, reserved 1048576K
Event: 4.527 GC heap after
Heap after GC invocations=21 (full 0):
 PSYoungGen      total 30720K, used 3584K [0x00000000eab00000, 0x00000000ecc80000, 0x0000000100000000)
  eden space 27136K, 0% used [0x00000000eab00000,0x00000000eab00000,0x00000000ec580000)
  from space 3584K, 100% used [0x00000000ec580000,0x00000000ec900000,0x00000000ec900000)
  to   space 3584K, 0% used [0x00000000ec900000,0x00000000ec900000,0x00000000ecc80000)
 ParOldGen       total 129536K, used 29250K [0x00000000c0000000, 0x00000000c7e80000, 0x00000000eab00000)
  object space 129536K, 22% used [0x00000000c0000000,0x00000000c1c90938,0x00000000c7e80000)
 Metaspace       used 6118K, capacity 7000K, committed 7168K, reserved 1056768K
  class space    used 614K, capacity 656K, committed 768K, reserved 1048576K
}

Deoptimization events (10 events):
Event: 3.727 Thread 0x0000000015e3d800 Uncommon trap: reason=unreached action=reinterpret pc=0x0000000002ae5a70 method=java.util.HashMap.getNode(ILjava/lang/Object;)Ljava/util/HashMap$Node; @ 84
Event: 3.727 Thread 0x0000000015e3d800 Uncommon trap: reason=unreached action=reinterpret pc=0x0000000002c9a450 method=java.util.HashMap.putVal(ILjava/lang/Object;Ljava/lang/Object;ZZ)Ljava/lang/Object; @ 109
Event: 3.733 Thread 0x0000000015e3d800 Uncommon trap: reason=unreached action=reinterpret pc=0x00000000028fcfac method=java.util.HashMap.getNode(ILjava/lang/Object;)Ljava/util/HashMap$Node; @ 84
Event: 3.873 Thread 0x0000000015e3d800 Uncommon trap: reason=bimorphic action=maybe_recompile pc=0x0000000002d2dc34 method=com.android.dx.rop.code.RegisterSpec.withSimpleType()Lcom/android/dx/rop/code/RegisterSpec; @ 21
Event: 3.893 Thread 0x0000000015f6e000 Uncommon trap: reason=bimorphic action=maybe_recompile pc=0x0000000002d2dc34 method=com.android.dx.rop.code.RegisterSpec.withSimpleType()Lcom/android/dx/rop/code/RegisterSpec; @ 21
Event: 3.894 Thread 0x0000000015f6e000 Uncommon trap: reason=bimorphic action=maybe_recompile pc=0x0000000002d3fdfc method=com.android.dx.ssa.LiteralOpUpgrader.tryReplacingWithConstant(Lcom/android/dx/ssa/NormalSsaInsn;)Z @ 62
Event: 4.099 Thread 0x00000000025b0800 Uncommon trap: reason=bimorphic action=maybe_recompile pc=0x0000000002d3fdfc method=com.android.dx.ssa.LiteralOpUpgrader.tryReplacingWithConstant(Lcom/android/dx/ssa/NormalSsaInsn;)Z @ 62
Event: 4.120 Thread 0x00000000025b0800 Uncommon trap: reason=unreached action=reinterpret pc=0x0000000002cba4d4 method=com.android.dx.ssa.MoveParamCombiner$1.visitNonMoveInsn(Lcom/android/dx/ssa/NormalSsaInsn;)V @ 27
Event: 4.546 Thread 0x0000000015da0800 Uncommon trap: reason=bimorphic action=maybe_recompile pc=0x0000000002d2dc34 method=com.android.dx.rop.code.RegisterSpec.withSimpleType()Lcom/android/dx/rop/code/RegisterSpec; @ 21
Event: 4.554 Thread 0x0000000015da0800 Uncommon trap: reason=bimorphic action=maybe_recompile pc=0x0000000002d2dc34 method=com.android.dx.rop.code.RegisterSpec.withSimpleType()Lcom/android/dx/rop/code/RegisterSpec; @ 21

Internal exceptions (10 events):
Event: 0.983 Thread 0x0000000015f6e000 Exception <a 'java/security/PrivilegedActionException'> (0x00000000eae93cf8) thrown at [D:\re\workspace\8-2-build-windows-amd64-cygwin\jdk8u5\2488\hotspot\src\share\vm\prims\jvm.cpp, line 1248]
Event: 1.004 Thread 0x0000000015e40800 Exception <a 'java/security/PrivilegedActionException'> (0x00000000eaef5a10) thrown at [D:\re\workspace\8-2-build-windows-amd64-cygwin\jdk8u5\2488\hotspot\src\share\vm\prims\jvm.cpp, line 1248]
Event: 1.131 Thread 0x0000000015f6e000 Exception <a 'java/security/PrivilegedActionException'> (0x00000000eacd9f98) thrown at [D:\re\workspace\8-2-build-windows-amd64-cygwin\jdk8u5\2488\hotspot\src\share\vm\prims\jvm.cpp, line 1248]
Event: 1.271 Thread 0x0000000015e3d800 Exception <a 'java/security/PrivilegedActionException'> (0x00000000eab20408) thrown at [D:\re\workspace\8-2-build-windows-amd64-cygwin\jdk8u5\2488\hotspot\src\share\vm\prims\jvm.cpp, line 1248]
Event: 1.355 Thread 0x0000000015f6e000 Exception <a 'java/security/PrivilegedActionException'> (0x00000000eb035008) thrown at [D:\re\workspace\8-2-build-windows-amd64-cygwin\jdk8u5\2488\hotspot\src\share\vm\prims\jvm.cpp, line 1248]
Event: 2.102 Thread 0x00000000025b0800 Exception <a 'java/security/PrivilegedActionException'> (0x00000000eb2014b0) thrown at [D:\re\workspace\8-2-build-windows-amd64-cygwin\jdk8u5\2488\hotspot\src\share\vm\prims\jvm.cpp, line 1248]
Event: 2.943 Thread 0x0000000015f6e000 Exception <a 'java/security/PrivilegedActionException'> (0x00000000ebf187e0) thrown at [D:\re\workspace\8-2-build-windows-amd64-cygwin\jdk8u5\2488\hotspot\src\share\vm\prims\jvm.cpp, line 1248]
Event: 3.726 Thread 0x0000000015e3d800 Exception <a 'java/lang/ArrayIndexOutOfBoundsException': 18> (0x00000000ec39c790) thrown at [D:\re\workspace\8-2-build-windows-amd64-cygwin\jdk8u5\2488\hotspot\src\share\vm\interpreter\interpreterRuntime.cpp, line 337]
Event: 3.726 Thread 0x0000000015e3d800 Exception <a 'java/lang/ArrayIndexOutOfBoundsException'> (0x00000000ec39e228) thrown at [D:\re\workspace\8-2-build-windows-amd64-cygwin\jdk8u5\2488\hotspot\src\share\vm\runtime\sharedRuntime.cpp, line 595]
Event: 3.726 Thread 0x0000000015e3d800 Exception <a 'java/lang/ArrayIndexOutOfBoundsException'> (0x00000000ec39f440) thrown at [D:\re\workspace\8-2-build-windows-amd64-cygwin\jdk8u5\2488\hotspot\src\share\vm\runtime\sharedRuntime.cpp, line 595]

Events (10 events):
Event: 4.440 Executing VM operation: ParallelGCFailedAllocation
Event: 4.527 Executing VM operation: ParallelGCFailedAllocation done
Event: 4.546 Thread 0x0000000015da0800 Uncommon trap: trap_request=0xffffffc6 fr.pc=0x0000000002d2dc34
Event: 4.546 Thread 0x0000000015da0800 DEOPT PACKING pc=0x0000000002d2dc34 sp=0x0000000016d6eb90
Event: 4.546 Thread 0x0000000015da0800 DEOPT UNPACKING pc=0x00000000026f73ef sp=0x0000000016d6eac8 mode 2
Event: 4.547 Thread 0x0000000015da0800 DEOPT PACKING pc=0x0000000002aeb6d9 sp=0x0000000016d6ead0
Event: 4.547 Thread 0x0000000015da0800 DEOPT UNPACKING pc=0x00000000026f7204 sp=0x0000000016d6e900 mode 0
Event: 4.554 Thread 0x0000000015da0800 Uncommon trap: trap_request=0xffffffc6 fr.pc=0x0000000002d2dc34
Event: 4.554 Thread 0x0000000015da0800 DEOPT PACKING pc=0x0000000002d2dc34 sp=0x0000000016d6eae0
Event: 4.554 Thread 0x0000000015da0800 DEOPT UNPACKING pc=0x00000000026f73ef sp=0x0000000016d6ea18 mode 2


Dynamic libraries:
0x00007ff62f630000 - 0x00007ff62f664000 	D:\ProgramFiles\Java\jdk1.8.0_05\bin\java.exe
0x00007ff803b30000 - 0x00007ff803cf1000 	C:\WINDOWS\SYSTEM32\ntdll.dll
0x00007ff803120000 - 0x00007ff8031cd000 	C:\WINDOWS\system32\KERNEL32.DLL
0x00007ff800400000 - 0x00007ff8005e8000 	C:\WINDOWS\system32\KERNELBASE.dll
0x00007ff8027c0000 - 0x00007ff802867000 	C:\WINDOWS\system32\ADVAPI32.dll
0x00007ff802c60000 - 0x00007ff802cfd000 	C:\WINDOWS\system32\msvcrt.dll
0x00007ff802710000 - 0x00007ff80276b000 	C:\WINDOWS\system32\sechost.dll
0x00007ff802b40000 - 0x00007ff802c5c000 	C:\WINDOWS\system32\RPCRT4.dll
0x00007ff802d00000 - 0x00007ff802e56000 	C:\WINDOWS\system32\USER32.dll
0x00007ff802f80000 - 0x00007ff803106000 	C:\WINDOWS\system32\GDI32.dll
0x00007ffff3450000 - 0x00007ffff36c4000 	C:\WINDOWS\WinSxS\amd64_microsoft.windows.common-controls_6595b64144ccf1df_6.0.10586.0_none_8c15ae12515e1c22\COMCTL32.dll
0x00007ff803770000 - 0x00007ff8039ed000 	C:\WINDOWS\system32\combase.dll
0x00007ff800650000 - 0x00007ff8006ba000 	C:\WINDOWS\system32\bcryptPrimitives.dll
0x00007ff802780000 - 0x00007ff8027bb000 	C:\WINDOWS\system32\IMM32.DLL
0x00000000674b0000 - 0x0000000067582000 	D:\ProgramFiles\Java\jdk1.8.0_05\jre\bin\msvcr100.dll
0x00000000676d0000 - 0x0000000067efa000 	D:\ProgramFiles\Java\jdk1.8.0_05\jre\bin\server\jvm.dll
0x00007ff802770000 - 0x00007ff802778000 	C:\WINDOWS\system32\PSAPI.DLL
0x00007ffffe460000 - 0x00007ffffe469000 	C:\WINDOWS\SYSTEM32\WSOCK32.dll
0x00007ff803ac0000 - 0x00007ff803b2b000 	C:\WINDOWS\system32\WS2_32.dll
0x00007ffffe390000 - 0x00007ffffe3b3000 	C:\WINDOWS\SYSTEM32\WINMM.dll
0x00007ffffe360000 - 0x00007ffffe38c000 	C:\WINDOWS\SYSTEM32\WINMMBASE.dll
0x00007ff8001e0000 - 0x00007ff800223000 	C:\WINDOWS\system32\cfgmgr32.dll
0x0000000068160000 - 0x000000006816f000 	D:\ProgramFiles\Java\jdk1.8.0_05\jre\bin\verify.dll
0x0000000068130000 - 0x0000000068158000 	D:\ProgramFiles\Java\jdk1.8.0_05\jre\bin\java.dll
0x0000000068110000 - 0x0000000068126000 	D:\ProgramFiles\Java\jdk1.8.0_05\jre\bin\zip.dll
0x00007ff800fa0000 - 0x00007ff8024fc000 	C:\WINDOWS\system32\SHELL32.dll
0x00007ff8006c0000 - 0x00007ff800d05000 	C:\WINDOWS\system32\windows.storage.dll
0x00007ff802f20000 - 0x00007ff802f72000 	C:\WINDOWS\system32\shlwapi.dll
0x00007ff8001d0000 - 0x00007ff8001df000 	C:\WINDOWS\system32\kernel.appcore.dll
0x00007ff800de0000 - 0x00007ff800e95000 	C:\WINDOWS\system32\shcore.dll
0x00007ff800180000 - 0x00007ff8001cb000 	C:\WINDOWS\system32\powrprof.dll
0x00007ff800160000 - 0x00007ff800174000 	C:\WINDOWS\system32\profapi.dll
0x00007fffe3910000 - 0x00007fffe3a9c000 	C:\WINDOWS\SYSTEM32\dbghelp.dll

VM Arguments:
jvm_args: -Djava.awt.headless=true -Xmx1024M -Dfile.encoding=GBK -Duser.country=CN -Duser.language=zh -Duser.variant 
java_command: com.android.dx.command.Main --dex --force-jumbo --num-threads=4 --output D:\java\StudioProjects\MyContacts\app\build\intermediates\pre-dexed\debug\com.android.support-appcompat-v7-23.3.0_e6f40ebdfcdf71b339e7af9289232869cefafdca.jar D:\java\StudioProjects\MyContacts\app\build\intermediates\exploded-aar\com.android.support\appcompat-v7\23.3.0\jars\classes.jar
java_class_path (initial): D:\ProgramFiles\Android\jdk\build-tools\23.0.3\lib\dx.jar
Launcher Type: SUN_STANDARD

Environment Variables:
JAVA_HOME=D:\ProgramFiles\Java\jdk1.8.0_05
PATH=C:\WINDOWS\system32;C:\WINDOWS;C:\WINDOWS\System32\Wbem;C:\WINDOWS\System32\WindowsPowerShell\v1.0\;D:\ProgramFiles\TortoiseSVN\bin;D:\ProgramFiles\Java\jdk1.8.0_05\bin
USERNAME=Administrator
OS=Windows_NT
PROCESSOR_IDENTIFIER=Intel64 Family 6 Model 60 Stepping 3, GenuineIntel



---------------  S Y S T E M  ---------------

OS: Windows 8.1 , 64 bit Build 9600 

CPU:total 2 (2 cores per cpu, 1 threads per core) family 6 model 60 stepping 3, cmov, cx8, fxsr, mmx, sse, sse2, sse3, ssse3, sse4.1, sse4.2, popcnt, clmul, erms, tsc, tscinvbit

Memory: 4k page, physical 8286416k(700852k free), swap 8286416k(4400k free)

vm_info: Java HotSpot(TM) 64-Bit Server VM (25.5-b02) for windows-amd64 JRE (1.8.0_05-b13), built on Mar 18 2014 01:08:39 by "java_re" with MS VC++ 10.0 (VS2010)

time: Thu Apr 28 16:24:53 2016
elapsed time: 4 seconds

