JvmtiExport can_access_local_variables 0
JvmtiExport can_hotswap_or_post_breakpoint 0
JvmtiExport can_post_on_exceptions 0
# 507 ciObject found
ciMethod java/lang/Object <init> ()V 4097 1 3478877 0 0
ciMethod java/lang/Object equals (Ljava/lang/Object;)Z 4097 1 9425 0 -1
ciMethod java/lang/String length ()I 4097 1 96628 0 -1
ciMethod java/lang/String charAt (I)C 4097 1 266726 0 128
ciMethod java/lang/String getChars (II[CI)V 2105 1 36059 0 -1
ciMethod java/lang/String equals (Ljava/lang/Object;)Z 1897 8761 1840 0 -1
ciMethod java/lang/String substring (I)Ljava/lang/String; 2113 1 29316 0 -1
ciMethod java/lang/System arraycopy (Ljava/lang/Object;ILjava/lang/Object;II)V 7169 1 896 0 -1
ciMethod java/lang/RuntimeException <init> (Ljava/lang/String;)V 0 0 3 0 -1
ciMethod java/util/Map get (Ljava/lang/Object;)Ljava/lang/Object; 0 0 1 0 -1
ciMethod java/util/Map put (Ljava/lang/Object;Ljava/lang/Object;)Ljava/lang/Object; 0 0 1 0 -1
ciMethod java/lang/AbstractStringBuilder ensureCapacityInternal (I)V 2049 1 59244 0 -1
ciMethod java/lang/AbstractStringBuilder expandCapacity (I)V 681 1 32401 0 -1
ciMethod java/lang/AbstractStringBuilder append (Ljava/lang/String;)Ljava/lang/AbstractStringBuilder; 1529 1 44684 0 -1
ciMethod java/lang/AbstractStringBuilder appendNull ()Ljava/lang/AbstractStringBuilder; 0 0 1 0 -1
ciMethod java/lang/StringBuilder <init> ()V 657 1 36373 0 -1
ciMethod java/lang/StringBuilder append (Ljava/lang/String;)Ljava/lang/StringBuilder; 1313 1 95190 0 -1
ciMethod java/lang/StringBuilder append (C)Ljava/lang/StringBuilder; 457 1 13219 0 -1
ciMethod java/lang/StringBuilder toString ()Ljava/lang/String; 649 1 36387 0 -1
ciMethod java/lang/NullPointerException <init> (Ljava/lang/String;)V 0 0 1 0 -1
ciMethod java/util/ArrayList ensureCapacityInternal (I)V 641 1 1003915 0 -1
ciMethod java/util/ArrayList size ()I 1025 1 128 0 0
ciMethod java/util/ArrayList elementData (I)Ljava/lang/Object; 1897 1 2987242 0 0
ciMethod java/util/ArrayList get (I)Ljava/lang/Object; 1897 1 2916102 0 128
ciMethod java/util/ArrayList set (ILjava/lang/Object;)Ljava/lang/Object; 2041 1 49668 0 0
ciMethod java/util/ArrayList add (Ljava/lang/Object;)Z 641 1 979079 0 736
ciMethod java/util/ArrayList remove (I)Ljava/lang/Object; 4097 1 6656 0 -1
ciMethod java/util/ArrayList clear ()V 3961 8193 41700 0 0
ciMethod java/util/ArrayList rangeCheck (I)V 1897 1 2986863 0 64
ciMethod java/util/ArrayList iterator ()Ljava/util/Iterator; 2225 1 657279 0 192
ciMethod java/util/ArrayList access$100 (Ljava/util/ArrayList;)I 1025 1 128 0 0
ciMethod java/util/HashMap <init> ()V 137 1 229945 0 -1
ciMethodData java/lang/String charAt (I)C 2 266726 orig 144 152 11 188 103 0 0 0 0 56 61 19 20 0 0 0 0 0 1 0 0 32 0 0 0 0 0 0 0 0 0 0 0 0 0 0 0 0 0 0 0 0 0 0 0 0 0 0 0 0 0 0 0 0 0 0 0 0 0 0 0 0 0 0 0 0 0 0 0 0 0 0 0 0 0 0 0 0 0 0 0 0 0 0 0 0 0 0 0 0 0 0 0 0 0 0 0 0 2 0 0 49 127 32 0 1 0 0 0 0 0 0 0 0 0 0 0 0 0 0 0 4 0 1 0 80 0 0 0 255 255 255 255 0 0 0 0 7 0 1 0 0 0 0 0 data 10 0x10007 0x0 0x40 0x40fe6 0xa0007 0x40fe6 0x30 0x0 0x120002 0x0 oops 0
ciMethodData java/lang/String length ()I 2 96628 orig 144 152 11 188 103 0 0 0 0 232 59 19 20 0 0 0 0 168 0 0 0 0 0 0 0 0 0 0 0 0 0 0 0 0 0 0 0 0 0 0 0 0 0 0 0 0 0 0 0 0 0 0 0 0 0 0 0 0 0 0 0 0 0 0 0 1 0 0 0 0 0 0 0 0 0 0 0 0 0 0 0 1 0 0 0 0 0 0 0 0 0 0 0 0 0 0 0 0 2 0 0 161 187 11 0 1 0 0 0 0 0 0 0 0 0 0 0 0 0 0 0 4 0 1 0 0 0 0 0 255 255 255 255 0 0 0 0 0 0 0 0 0 0 0 0 data 0 oops 0
ciMethodData java/lang/Object <init> ()V 2 3478895 orig 144 152 11 188 103 0 0 0 0 136 4 19 20 0 0 0 0 168 0 0 0 0 0 0 0 0 0 0 0 0 0 0 0 0 0 0 0 0 0 0 0 0 0 0 0 0 0 0 0 0 0 0 0 0 0 0 0 0 0 0 0 0 0 0 0 1 0 0 0 0 0 0 0 1 0 0 0 0 0 0 0 1 0 0 0 0 0 0 0 0 0 0 0 0 0 0 0 0 2 0 0 121 155 168 1 1 0 0 0 0 0 0 0 0 0 0 0 0 0 3 0 3 0 0 0 0 0 0 0 255 255 255 255 0 0 0 0 0 0 0 0 0 0 0 0 data 0 oops 0
ciMethod java/util/Iterator hasNext ()Z 0 0 1 0 -1
ciMethod java/util/Iterator next ()Ljava/lang/Object; 0 0 1 0 -1
ciMethod java/lang/IllegalArgumentException <init> (Ljava/lang/String;)V 0 0 1 0 -1
ciMethodData java/lang/AbstractStringBuilder ensureCapacityInternal (I)V 2 59244 orig 144 152 11 188 103 0 0 0 0 104 6 26 20 0 0 0 0 0 1 0 0 0 0 0 0 0 0 0 0 0 0 0 0 0 0 0 0 0 0 0 0 0 0 0 0 0 0 0 0 0 0 0 0 0 0 0 0 0 0 0 0 0 0 0 0 0 0 0 0 0 0 0 0 0 0 0 0 0 0 0 0 0 0 0 0 0 0 0 0 0 0 0 0 0 0 0 0 0 1 0 0 97 51 7 0 1 0 0 0 0 0 0 0 0 0 0 0 0 0 6 0 3 0 1 0 80 0 0 0 255 255 255 255 0 0 0 0 7 0 7 0 0 0 0 0 data 10 0x70007 0x6832 0x50 0x7e3c 0xc0005 0x0 0x14a94140 0x7e3c 0x0 0x0 oops 1